Using pre-set license
Built from '6000.0/release' branch; Version is '6000.0.35f1 (9a3bc604008a) revision 10107846'; Using compiler version '193933523'; Build Type 'Release'
OS: 'Windows 11  (10.0.26100) 64bit ProfessionalWorkstation' Language: 'nl' Physical Memory: 32691 MB
BatchMode: 1, IsHumanControllingUs: 0, StartBugReporterOnCrash: 0, Is64bit: 1, IsPro: 1

COMMAND LINE ARGUMENTS:
C:\Program Files\Unity\Hub\Editor\6000.0.35f1\Editor\Unity.exe
-adb2
-batchMode
-noUpm
-name
AssetImportWorker2
-projectPath
E:/Unity/HorrorFish/fish
-logFile
Logs/AssetImportWorker2.log
-srvPort
53817
-job-worker-count
7
-background-job-worker-count
8
-gc-helper-count
1
Successfully changed project path to: E:/Unity/HorrorFish/fish
E:/Unity/HorrorFish/fish
[UnityMemory] Configuration Parameters - Can be set up in boot.config
    "memorysetup-bucket-allocator-granularity=16"
    "memorysetup-bucket-allocator-bucket-count=8"
    "memorysetup-bucket-allocator-block-size=33554432"
    "memorysetup-bucket-allocator-block-count=8"
    "memorysetup-main-allocator-block-size=16777216"
    "memorysetup-thread-allocator-block-size=16777216"
    "memorysetup-gfx-main-allocator-block-size=16777216"
    "memorysetup-gfx-thread-allocator-block-size=16777216"
    "memorysetup-cache-allocator-block-size=4194304"
    "memorysetup-typetree-allocator-block-size=2097152"
    "memorysetup-profiler-bucket-allocator-granularity=16"
    "memorysetup-profiler-bucket-allocator-bucket-count=8"
    "memorysetup-profiler-bucket-allocator-block-size=33554432"
    "memorysetup-profiler-bucket-allocator-block-count=8"
    "memorysetup-profiler-allocator-block-size=16777216"
    "memorysetup-profiler-editor-allocator-block-size=1048576"
    "memorysetup-temp-allocator-size-main=16777216"
    "memorysetup-job-temp-allocator-block-size=2097152"
    "memorysetup-job-temp-allocator-block-size-background=1048576"
    "memorysetup-job-temp-allocator-reduction-small-platforms=262144"
    "memorysetup-allocator-temp-initial-block-size-main=262144"
    "memorysetup-allocator-temp-initial-block-size-worker=262144"
    "memorysetup-temp-allocator-size-background-worker=32768"
    "memorysetup-temp-allocator-size-job-worker=262144"
    "memorysetup-temp-allocator-size-preload-manager=33554432"
    "memorysetup-temp-allocator-size-nav-mesh-worker=65536"
    "memorysetup-temp-allocator-size-audio-worker=65536"
    "memorysetup-temp-allocator-size-cloud-worker=32768"
    "memorysetup-temp-allocator-size-gi-baking-worker=262144"
    "memorysetup-temp-allocator-size-gi-baking-worker=262144"
    "memorysetup-temp-allocator-size-gi-baking-worker=262144"
    "memorysetup-temp-allocator-size-gi-baking-worker=262144"
    "memorysetup-temp-allocator-size-gi-baking-worker=262144"
    "memorysetup-temp-allocator-size-gfx=262144"
Player connection [24916]  Target information:

Player connection [24916]  * "[IP] 192.168.0.178 [Port] 0 [Flags] 2 [Guid] 3269520747 [EditorId] 3269520747 [Version] 1048832 [Id] WindowsEditor(7,Home) [Debug] 1 [PackageName] WindowsEditor [ProjectName] Editor" 

Player connection [24916] Host joined multi-casting on [225.0.0.222:54997]...
Player connection [24916] Host joined alternative multi-casting on [225.0.0.222:34997]...
JobSystem: Creating JobQueue using job-worker-count value 7
Input System module state changed to: Initialized.
[Physics::Module] Initialized fallback backend.
[Physics::Module] Id: 0xdecafbad
Library Redirect Path: Library/
[Physics::Module] Selected backend.
[Physics::Module] Name: PhysX
[Physics::Module] Id: 0xf2b8ea05
[Physics::Module] SDK Version: 4.1.2
[Physics::Module] Integration Version: 1.0.0
[Physics::Module] Threading Mode: Multi-Threaded
Refreshing native plugins compatible for Editor in 1.61 ms, found 4 plugins.
Preloading 0 native plugins for Editor in 0.00 ms.
Initialize engine version: 6000.0.35f1 (9a3bc604008a)
[Subsystems] Discovering subsystems at path C:/Program Files/Unity/Hub/Editor/6000.0.35f1/Editor/Data/Resources/UnitySubsystems
[Subsystems] Discovering subsystems at path E:/Unity/HorrorFish/fish/Assets
GfxDevice: creating device client; kGfxThreadingModeNonThreaded
Direct3D:
    Version:  Direct3D 11.0 [level 11.1]
    Renderer: NVIDIA GeForce RTX 4060 Ti (ID=0x2803)
    Vendor:   NVIDIA
    VRAM:     7949 MB
    Driver:   32.0.15.6636
Initialize mono
Mono path[0] = 'C:/Program Files/Unity/Hub/Editor/6000.0.35f1/Editor/Data/Managed'
Mono path[1] = 'C:/Program Files/Unity/Hub/Editor/6000.0.35f1/Editor/Data/MonoBleedingEdge/lib/mono/unityjit-win32'
Mono config path = 'C:/Program Files/Unity/Hub/Editor/6000.0.35f1/Editor/Data/MonoBleedingEdge/etc'
Using monoOptions --debugger-agent=transport=dt_socket,embedding=1,server=y,suspend=n,address=127.0.0.1:56420
Begin MonoManager ReloadAssembly
Registering precompiled unity dll's ...
Register platform support module: C:/Program Files/Unity/Hub/Editor/6000.0.35f1/Editor/Data/PlaybackEngines/WindowsStandaloneSupport/UnityEditor.WindowsStandalone.Extensions.dll
Registered in 0.002459 seconds.
- Loaded All Assemblies, in  0.307 seconds
Native extension for WindowsStandalone target not found
Mono: successfully reloaded assembly
- Finished resetting the current domain, in  0.260 seconds
Domain Reload Profiling: 565ms
	BeginReloadAssembly (109ms)
		ExecutionOrderSort (0ms)
		DisableScriptedObjects (0ms)
		BackupInstance (0ms)
		ReleaseScriptingObjects (0ms)
		CreateAndSetChildDomain (1ms)
	RebuildCommonClasses (30ms)
	RebuildNativeTypeToScriptingClass (9ms)
	initialDomainReloadingComplete (40ms)
	LoadAllAssembliesAndSetupDomain (116ms)
		LoadAssemblies (107ms)
		RebuildTransferFunctionScriptingTraits (0ms)
		AnalyzeDomain (114ms)
			TypeCache.Refresh (113ms)
				TypeCache.ScanAssembly (103ms)
			BuildScriptInfoCaches (0ms)
			ResolveRequiredComponents (0ms)
	FinalizeReload (260ms)
		ReleaseScriptCaches (0ms)
		RebuildScriptCaches (0ms)
		SetupLoadedEditorAssemblies (224ms)
			LogAssemblyErrors (0ms)
			InitializePlatformSupportModulesInManaged (19ms)
			SetLoadedEditorAssemblies (4ms)
			BeforeProcessingInitializeOnLoad (43ms)
			ProcessInitializeOnLoadAttributes (116ms)
			ProcessInitializeOnLoadMethodAttributes (43ms)
			AfterProcessingInitializeOnLoad (0ms)
			EditorAssembliesLoaded (0ms)
		ExecutionOrderSort2 (0ms)
		AwakeInstancesAfterBackupRestoration (0ms)
========================================================================
Worker process is ready to serve import requests
Import Worker Mode flag is 0x00
Begin MonoManager ReloadAssembly
- Loaded All Assemblies, in  0.613 seconds
Refreshing native plugins compatible for Editor in 1.14 ms, found 4 plugins.
Native extension for WindowsStandalone target not found
Mono: successfully reloaded assembly
- Finished resetting the current domain, in  0.658 seconds
Domain Reload Profiling: 1268ms
	BeginReloadAssembly (139ms)
		ExecutionOrderSort (0ms)
		DisableScriptedObjects (6ms)
		BackupInstance (0ms)
		ReleaseScriptingObjects (0ms)
		CreateAndSetChildDomain (25ms)
	RebuildCommonClasses (28ms)
	RebuildNativeTypeToScriptingClass (9ms)
	initialDomainReloadingComplete (33ms)
	LoadAllAssembliesAndSetupDomain (401ms)
		LoadAssemblies (272ms)
		RebuildTransferFunctionScriptingTraits (0ms)
		AnalyzeDomain (211ms)
			TypeCache.Refresh (155ms)
				TypeCache.ScanAssembly (141ms)
			BuildScriptInfoCaches (44ms)
			ResolveRequiredComponents (9ms)
	FinalizeReload (658ms)
		ReleaseScriptCaches (0ms)
		RebuildScriptCaches (0ms)
		SetupLoadedEditorAssemblies (536ms)
			LogAssemblyErrors (0ms)
			InitializePlatformSupportModulesInManaged (2ms)
			SetLoadedEditorAssemblies (4ms)
			BeforeProcessingInitializeOnLoad (91ms)
			ProcessInitializeOnLoadAttributes (349ms)
			ProcessInitializeOnLoadMethodAttributes (86ms)
			AfterProcessingInitializeOnLoad (5ms)
			EditorAssembliesLoaded (0ms)
		ExecutionOrderSort2 (0ms)
		AwakeInstancesAfterBackupRestoration (5ms)
Launched and connected shader compiler UnityShaderCompiler.exe after 0.01 seconds
Refreshing native plugins compatible for Editor in 1.17 ms, found 4 plugins.
Preloading 0 native plugins for Editor in 0.00 ms.
Unloading 229 Unused Serialized files (Serialized files now loaded: 0)
Unloading 6657 unused Assets / (6.2 MB). Loaded Objects now: 7344.
Memory consumption went from 181.2 MB to 175.0 MB.
Total: 8.578500 ms (FindLiveObjects: 0.679100 ms CreateObjectMapping: 0.523600 ms MarkObjects: 4.766700 ms  DeleteObjects: 2.608500 ms)

========================================================================
Received Import Request.
  Time since last request: 1230779.040723 seconds.
  path: Assets/Scripts/BinarySpacePartitioner.cs
  artifactKey: Guid(22d67f564df5716499507f1d9440e583) Importer(815301076,1909f56bfc062723c751e8b465ee728b)
Start importing Assets/Scripts/BinarySpacePartitioner.cs using Guid(22d67f564df5716499507f1d9440e583) Importer(815301076,1909f56bfc062723c751e8b465ee728b) (PreviewImporter) -> (artifact id: '96e1d8ee04db27347a05b110abd5bf62') in 0.0040454 seconds
Number of updated asset objects reloaded before import = 0Number of asset objects unloaded after import = 0

========================================================================
Received Import Request.
  Time since last request: 2.552015 seconds.
  path: Assets/Scripts/Node.cs
  artifactKey: Guid(6832734dc7f64a440b5150feccae59d6) Importer(815301076,1909f56bfc062723c751e8b465ee728b)
Start importing Assets/Scripts/Node.cs using Guid(6832734dc7f64a440b5150feccae59d6) Importer(815301076,1909f56bfc062723c751e8b465ee728b) (PreviewImporter) -> (artifact id: 'bf3e11baffff9a5d2d6558b483be922a') in 0.0004268 seconds
Number of updated asset objects reloaded before import = 0Number of asset objects unloaded after import = 0

========================================================================
Received Prepare
Refreshing native plugins compatible for Editor in 1.52 ms, found 4 plugins.
Preloading 0 native plugins for Editor in 0.00 ms.
Unloading 37 Unused Serialized files (Serialized files now loaded: 0)
Unloading 6634 unused Assets / (6.4 MB). Loaded Objects now: 7336.
Memory consumption went from 149.8 MB to 143.4 MB.
Total: 9.620300 ms (FindLiveObjects: 0.738400 ms CreateObjectMapping: 0.603600 ms MarkObjects: 5.022000 ms  DeleteObjects: 3.255500 ms)

Prepare: number of updated asset objects reloaded= 0
========================================================================
Received Prepare
Begin MonoManager ReloadAssembly
- Loaded All Assemblies, in  0.598 seconds
Refreshing native plugins compatible for Editor in 1.08 ms, found 4 plugins.
Native extension for WindowsStandalone target not found
Mono: successfully reloaded assembly
- Finished resetting the current domain, in  0.660 seconds
Domain Reload Profiling: 1259ms
	BeginReloadAssembly (187ms)
		ExecutionOrderSort (0ms)
		DisableScriptedObjects (13ms)
		BackupInstance (0ms)
		ReleaseScriptingObjects (0ms)
		CreateAndSetChildDomain (52ms)
	RebuildCommonClasses (28ms)
	RebuildNativeTypeToScriptingClass (10ms)
	initialDomainReloadingComplete (23ms)
	LoadAllAssembliesAndSetupDomain (351ms)
		LoadAssemblies (268ms)
		RebuildTransferFunctionScriptingTraits (0ms)
		AnalyzeDomain (165ms)
			TypeCache.Refresh (8ms)
				TypeCache.ScanAssembly (0ms)
			BuildScriptInfoCaches (144ms)
			ResolveRequiredComponents (10ms)
	FinalizeReload (660ms)
		ReleaseScriptCaches (0ms)
		RebuildScriptCaches (0ms)
		SetupLoadedEditorAssemblies (494ms)
			LogAssemblyErrors (0ms)
			InitializePlatformSupportModulesInManaged (2ms)
			SetLoadedEditorAssemblies (4ms)
			BeforeProcessingInitializeOnLoad (97ms)
			ProcessInitializeOnLoadAttributes (338ms)
			ProcessInitializeOnLoadMethodAttributes (48ms)
			AfterProcessingInitializeOnLoad (5ms)
			EditorAssembliesLoaded (0ms)
		ExecutionOrderSort2 (0ms)
		AwakeInstancesAfterBackupRestoration (11ms)
Refreshing native plugins compatible for Editor in 1.24 ms, found 4 plugins.
Preloading 0 native plugins for Editor in 0.00 ms.
Unloading 37 Unused Serialized files (Serialized files now loaded: 0)
Unloading 6645 unused Assets / (6.2 MB). Loaded Objects now: 7339.
Memory consumption went from 152.9 MB to 146.7 MB.
Total: 9.865900 ms (FindLiveObjects: 0.735500 ms CreateObjectMapping: 0.620100 ms MarkObjects: 5.424700 ms  DeleteObjects: 3.084900 ms)

Prepare: number of updated asset objects reloaded= 0
========================================================================
Received Prepare
Begin MonoManager ReloadAssembly
- Loaded All Assemblies, in  0.633 seconds
Refreshing native plugins compatible for Editor in 1.08 ms, found 4 plugins.
Native extension for WindowsStandalone target not found
Mono: successfully reloaded assembly
- Finished resetting the current domain, in  0.657 seconds
Domain Reload Profiling: 1292ms
	BeginReloadAssembly (192ms)
		ExecutionOrderSort (0ms)
		DisableScriptedObjects (12ms)
		BackupInstance (0ms)
		ReleaseScriptingObjects (0ms)
		CreateAndSetChildDomain (50ms)
	RebuildCommonClasses (49ms)
	RebuildNativeTypeToScriptingClass (12ms)
	initialDomainReloadingComplete (22ms)
	LoadAllAssembliesAndSetupDomain (359ms)
		LoadAssemblies (279ms)
		RebuildTransferFunctionScriptingTraits (0ms)
		AnalyzeDomain (172ms)
			TypeCache.Refresh (9ms)
				TypeCache.ScanAssembly (0ms)
			BuildScriptInfoCaches (150ms)
			ResolveRequiredComponents (9ms)
	FinalizeReload (657ms)
		ReleaseScriptCaches (0ms)
		RebuildScriptCaches (0ms)
		SetupLoadedEditorAssemblies (495ms)
			LogAssemblyErrors (0ms)
			InitializePlatformSupportModulesInManaged (2ms)
			SetLoadedEditorAssemblies (4ms)
			BeforeProcessingInitializeOnLoad (97ms)
			ProcessInitializeOnLoadAttributes (339ms)
			ProcessInitializeOnLoadMethodAttributes (49ms)
			AfterProcessingInitializeOnLoad (5ms)
			EditorAssembliesLoaded (0ms)
		ExecutionOrderSort2 (0ms)
		AwakeInstancesAfterBackupRestoration (11ms)
Refreshing native plugins compatible for Editor in 1.23 ms, found 4 plugins.
Preloading 0 native plugins for Editor in 0.00 ms.
Unloading 37 Unused Serialized files (Serialized files now loaded: 0)
Unloading 6645 unused Assets / (6.1 MB). Loaded Objects now: 7341.
Memory consumption went from 152.9 MB to 146.8 MB.
Total: 9.306800 ms (FindLiveObjects: 0.735700 ms CreateObjectMapping: 0.649500 ms MarkObjects: 4.922300 ms  DeleteObjects: 2.998700 ms)

Prepare: number of updated asset objects reloaded= 0
========================================================================
Received Prepare
Begin MonoManager ReloadAssembly
- Loaded All Assemblies, in  0.604 seconds
Refreshing native plugins compatible for Editor in 1.08 ms, found 4 plugins.
Native extension for WindowsStandalone target not found
Mono: successfully reloaded assembly
- Finished resetting the current domain, in  0.685 seconds
Domain Reload Profiling: 1289ms
	BeginReloadAssembly (180ms)
		ExecutionOrderSort (0ms)
		DisableScriptedObjects (12ms)
		BackupInstance (0ms)
		ReleaseScriptingObjects (0ms)
		CreateAndSetChildDomain (48ms)
	RebuildCommonClasses (29ms)
	RebuildNativeTypeToScriptingClass (10ms)
	initialDomainReloadingComplete (23ms)
	LoadAllAssembliesAndSetupDomain (361ms)
		LoadAssemblies (274ms)
		RebuildTransferFunctionScriptingTraits (0ms)
		AnalyzeDomain (171ms)
			TypeCache.Refresh (7ms)
				TypeCache.ScanAssembly (0ms)
			BuildScriptInfoCaches (151ms)
			ResolveRequiredComponents (9ms)
	FinalizeReload (685ms)
		ReleaseScriptCaches (0ms)
		RebuildScriptCaches (0ms)
		SetupLoadedEditorAssemblies (520ms)
			LogAssemblyErrors (0ms)
			InitializePlatformSupportModulesInManaged (2ms)
			SetLoadedEditorAssemblies (4ms)
			BeforeProcessingInitializeOnLoad (92ms)
			ProcessInitializeOnLoadAttributes (361ms)
			ProcessInitializeOnLoadMethodAttributes (56ms)
			AfterProcessingInitializeOnLoad (6ms)
			EditorAssembliesLoaded (0ms)
		ExecutionOrderSort2 (0ms)
		AwakeInstancesAfterBackupRestoration (12ms)
Refreshing native plugins compatible for Editor in 1.48 ms, found 4 plugins.
Preloading 0 native plugins for Editor in 0.00 ms.
Unloading 37 Unused Serialized files (Serialized files now loaded: 0)
Unloading 6645 unused Assets / (6.0 MB). Loaded Objects now: 7343.
Memory consumption went from 152.9 MB to 146.9 MB.
Total: 11.136300 ms (FindLiveObjects: 1.015400 ms CreateObjectMapping: 0.972900 ms MarkObjects: 5.748900 ms  DeleteObjects: 3.398300 ms)

Prepare: number of updated asset objects reloaded= 0
========================================================================
Received Prepare
Begin MonoManager ReloadAssembly
- Loaded All Assemblies, in  0.604 seconds
Refreshing native plugins compatible for Editor in 1.15 ms, found 4 plugins.
Native extension for WindowsStandalone target not found
Mono: successfully reloaded assembly
- Finished resetting the current domain, in  0.661 seconds
Domain Reload Profiling: 1266ms
	BeginReloadAssembly (193ms)
		ExecutionOrderSort (0ms)
		DisableScriptedObjects (13ms)
		BackupInstance (0ms)
		ReleaseScriptingObjects (0ms)
		CreateAndSetChildDomain (53ms)
	RebuildCommonClasses (29ms)
	RebuildNativeTypeToScriptingClass (10ms)
	initialDomainReloadingComplete (23ms)
	LoadAllAssembliesAndSetupDomain (350ms)
		LoadAssemblies (269ms)
		RebuildTransferFunctionScriptingTraits (0ms)
		AnalyzeDomain (162ms)
			TypeCache.Refresh (7ms)
				TypeCache.ScanAssembly (0ms)
			BuildScriptInfoCaches (141ms)
			ResolveRequiredComponents (10ms)
	FinalizeReload (661ms)
		ReleaseScriptCaches (0ms)
		RebuildScriptCaches (0ms)
		SetupLoadedEditorAssemblies (504ms)
			LogAssemblyErrors (0ms)
			InitializePlatformSupportModulesInManaged (2ms)
			SetLoadedEditorAssemblies (3ms)
			BeforeProcessingInitializeOnLoad (93ms)
			ProcessInitializeOnLoadAttributes (346ms)
			ProcessInitializeOnLoadMethodAttributes (54ms)
			AfterProcessingInitializeOnLoad (5ms)
			EditorAssembliesLoaded (0ms)
		ExecutionOrderSort2 (0ms)
		AwakeInstancesAfterBackupRestoration (12ms)
Refreshing native plugins compatible for Editor in 1.44 ms, found 4 plugins.
Preloading 0 native plugins for Editor in 0.00 ms.
Unloading 37 Unused Serialized files (Serialized files now loaded: 0)
Unloading 6645 unused Assets / (6.1 MB). Loaded Objects now: 7345.
Memory consumption went from 152.9 MB to 146.8 MB.
Total: 9.993300 ms (FindLiveObjects: 0.774700 ms CreateObjectMapping: 0.677200 ms MarkObjects: 5.108800 ms  DeleteObjects: 3.431900 ms)

Prepare: number of updated asset objects reloaded= 0
========================================================================
Received Prepare
Begin MonoManager ReloadAssembly
- Loaded All Assemblies, in  0.600 seconds
Refreshing native plugins compatible for Editor in 1.10 ms, found 4 plugins.
Native extension for WindowsStandalone target not found
Mono: successfully reloaded assembly
- Finished resetting the current domain, in  0.667 seconds
Domain Reload Profiling: 1268ms
	BeginReloadAssembly (186ms)
		ExecutionOrderSort (0ms)
		DisableScriptedObjects (12ms)
		BackupInstance (0ms)
		ReleaseScriptingObjects (0ms)
		CreateAndSetChildDomain (51ms)
	RebuildCommonClasses (29ms)
	RebuildNativeTypeToScriptingClass (10ms)
	initialDomainReloadingComplete (23ms)
	LoadAllAssembliesAndSetupDomain (352ms)
		LoadAssemblies (276ms)
		RebuildTransferFunctionScriptingTraits (0ms)
		AnalyzeDomain (159ms)
			TypeCache.Refresh (7ms)
				TypeCache.ScanAssembly (0ms)
			BuildScriptInfoCaches (139ms)
			ResolveRequiredComponents (9ms)
	FinalizeReload (667ms)
		ReleaseScriptCaches (0ms)
		RebuildScriptCaches (0ms)
		SetupLoadedEditorAssemblies (507ms)
			LogAssemblyErrors (0ms)
			InitializePlatformSupportModulesInManaged (2ms)
			SetLoadedEditorAssemblies (4ms)
			BeforeProcessingInitializeOnLoad (93ms)
			ProcessInitializeOnLoadAttributes (348ms)
			ProcessInitializeOnLoadMethodAttributes (55ms)
			AfterProcessingInitializeOnLoad (5ms)
			EditorAssembliesLoaded (0ms)
		ExecutionOrderSort2 (0ms)
		AwakeInstancesAfterBackupRestoration (12ms)
Refreshing native plugins compatible for Editor in 1.50 ms, found 4 plugins.
Preloading 0 native plugins for Editor in 0.00 ms.
Unloading 37 Unused Serialized files (Serialized files now loaded: 0)
Unloading 6645 unused Assets / (6.1 MB). Loaded Objects now: 7347.
Memory consumption went from 152.9 MB to 146.8 MB.
Total: 9.114600 ms (FindLiveObjects: 0.772800 ms CreateObjectMapping: 0.378800 ms MarkObjects: 4.911500 ms  DeleteObjects: 3.050700 ms)

Prepare: number of updated asset objects reloaded= 0
========================================================================
Received Import Request.
  Time since last request: 176.256023 seconds.
  path: Assets/Prefabs/Puddle.prefab
  artifactKey: Guid(4cafde94f32383d48b0634fb37894205) Importer(815301076,1909f56bfc062723c751e8b465ee728b)
Start importing Assets/Prefabs/Puddle.prefab using Guid(4cafde94f32383d48b0634fb37894205) Importer(815301076,1909f56bfc062723c751e8b465ee728b) (PreviewImporter) -> (artifact id: 'c59019fb7543d3a3f971c649fc7ddaa7') in 0.4483377 seconds
Number of updated asset objects reloaded before import = 0Number of asset objects unloaded after import = 32

========================================================================
Received Import Request.
  Time since last request: 31.116886 seconds.
  path: Assets/Sprites
  artifactKey: Guid(e2fcdb25c98487a4f9bdadac38776cae) Importer(815301076,1909f56bfc062723c751e8b465ee728b)
Start importing Assets/Sprites using Guid(e2fcdb25c98487a4f9bdadac38776cae) Importer(815301076,1909f56bfc062723c751e8b465ee728b) (PreviewImporter) -> (artifact id: '81a0ca60a5e3f8c2331d6dd1cc263606') in 0.0005456 seconds
Number of updated asset objects reloaded before import = 0Number of asset objects unloaded after import = 0

========================================================================
Received Import Request.
  Time since last request: 0.045821 seconds.
  path: Assets/Sprites/Bow.png
  artifactKey: Guid(a81efec5dd2129841b6a10cacd9bc995) Importer(815301076,1909f56bfc062723c751e8b465ee728b)
Start importing Assets/Sprites/Bow.png using Guid(a81efec5dd2129841b6a10cacd9bc995) Importer(815301076,1909f56bfc062723c751e8b465ee728b) (PreviewImporter) -> (artifact id: 'a91510d0c226b3dc80136514ed8a2846') in 0.0347817 seconds
Number of updated asset objects reloaded before import = 0Number of asset objects unloaded after import = 3

========================================================================
Received Import Request.
  Time since last request: 0.000025 seconds.
  path: Assets/Sprites/WhiteTile.png
  artifactKey: Guid(abb3748ed3c8e544f8b4154df955f5d5) Importer(815301076,1909f56bfc062723c751e8b465ee728b)
Start importing Assets/Sprites/WhiteTile.png using Guid(abb3748ed3c8e544f8b4154df955f5d5) Importer(815301076,1909f56bfc062723c751e8b465ee728b) (PreviewImporter) -> (artifact id: 'da38c8eaeab6af7866fb7577f4bf6f1e') in 0.021782 seconds
Number of updated asset objects reloaded before import = 0Number of asset objects unloaded after import = 3

========================================================================
Received Import Request.
  Time since last request: 0.000022 seconds.
  path: Assets/Sprites/Potion.png
  artifactKey: Guid(d14b488b2f8233445b6d00af68083eac) Importer(815301076,1909f56bfc062723c751e8b465ee728b)
Start importing Assets/Sprites/Potion.png using Guid(d14b488b2f8233445b6d00af68083eac) Importer(815301076,1909f56bfc062723c751e8b465ee728b) (PreviewImporter) -> (artifact id: '57a1b87dca296543028e3f6f1db831db') in 0.0088095 seconds
Number of updated asset objects reloaded before import = 0Number of asset objects unloaded after import = 3

========================================================================
Received Import Request.
  Time since last request: 0.000022 seconds.
  path: Assets/Sprites/png-clipart-waste-container-cartoon-animation-cartoon-trash-can-icon-cartoon-character-white.png
  artifactKey: Guid(48ab40b1e29015f4caf39aed68edcefc) Importer(815301076,1909f56bfc062723c751e8b465ee728b)
Start importing Assets/Sprites/png-clipart-waste-container-cartoon-animation-cartoon-trash-can-icon-cartoon-character-white.png using Guid(48ab40b1e29015f4caf39aed68edcefc) Importer(815301076,1909f56bfc062723c751e8b465ee728b) (PreviewImporter) -> (artifact id: '0f57ce2c417ead2a92990b00a5c81b45') in 0.0105116 seconds
Number of updated asset objects reloaded before import = 0Number of asset objects unloaded after import = 3

========================================================================
Received Prepare
Begin MonoManager ReloadAssembly
- Loaded All Assemblies, in  0.655 seconds
Refreshing native plugins compatible for Editor in 0.97 ms, found 4 plugins.
Native extension for WindowsStandalone target not found
Mono: successfully reloaded assembly
- Finished resetting the current domain, in  0.681 seconds
Domain Reload Profiling: 1338ms
	BeginReloadAssembly (212ms)
		ExecutionOrderSort (0ms)
		DisableScriptedObjects (23ms)
		BackupInstance (0ms)
		ReleaseScriptingObjects (0ms)
		CreateAndSetChildDomain (72ms)
	RebuildCommonClasses (29ms)
	RebuildNativeTypeToScriptingClass (10ms)
	initialDomainReloadingComplete (27ms)
	LoadAllAssembliesAndSetupDomain (378ms)
		LoadAssemblies (280ms)
		RebuildTransferFunctionScriptingTraits (0ms)
		AnalyzeDomain (178ms)
			TypeCache.Refresh (7ms)
				TypeCache.ScanAssembly (0ms)
			BuildScriptInfoCaches (154ms)
			ResolveRequiredComponents (12ms)
	FinalizeReload (681ms)
		ReleaseScriptCaches (0ms)
		RebuildScriptCaches (0ms)
		SetupLoadedEditorAssemblies (512ms)
			LogAssemblyErrors (0ms)
			InitializePlatformSupportModulesInManaged (2ms)
			SetLoadedEditorAssemblies (4ms)
			BeforeProcessingInitializeOnLoad (93ms)
			ProcessInitializeOnLoadAttributes (351ms)
			ProcessInitializeOnLoadMethodAttributes (57ms)
			AfterProcessingInitializeOnLoad (5ms)
			EditorAssembliesLoaded (0ms)
		ExecutionOrderSort2 (0ms)
		AwakeInstancesAfterBackupRestoration (12ms)
Refreshing native plugins compatible for Editor in 1.19 ms, found 4 plugins.
Preloading 0 native plugins for Editor in 0.00 ms.
Unloading 37 Unused Serialized files (Serialized files now loaded: 0)
Unloading 6646 unused Assets / (6.8 MB). Loaded Objects now: 7390.
Memory consumption went from 166.8 MB to 160.1 MB.
Total: 11.608100 ms (FindLiveObjects: 1.090100 ms CreateObjectMapping: 0.838500 ms MarkObjects: 5.895300 ms  DeleteObjects: 3.783400 ms)

Prepare: number of updated asset objects reloaded= 0
========================================================================
Received Import Request.
  Time since last request: 46.189305 seconds.
  path: Assets/TextMesh Pro
  artifactKey: Guid(f54d1bd14bd3ca042bd867b519fee8cc) Importer(815301076,1909f56bfc062723c751e8b465ee728b)
Start importing Assets/TextMesh Pro using Guid(f54d1bd14bd3ca042bd867b519fee8cc) Importer(815301076,1909f56bfc062723c751e8b465ee728b) (PreviewImporter) -> (artifact id: '441aa3e92cda27c68af8a1706ee847ab') in 0.0046571 seconds
Number of updated asset objects reloaded before import = 0Number of asset objects unloaded after import = 0

========================================================================
Received Prepare
Refreshing native plugins compatible for Editor in 1.46 ms, found 4 plugins.
Preloading 0 native plugins for Editor in 0.00 ms.
Unloading 37 Unused Serialized files (Serialized files now loaded: 0)
Unloading 6634 unused Assets / (7.2 MB). Loaded Objects now: 7390.
Memory consumption went from 166.8 MB to 159.6 MB.
Total: 12.353900 ms (FindLiveObjects: 1.162100 ms CreateObjectMapping: 0.915700 ms MarkObjects: 5.707700 ms  DeleteObjects: 4.567400 ms)

Prepare: number of updated asset objects reloaded= 0
========================================================================
Received Prepare
Begin MonoManager ReloadAssembly
- Loaded All Assemblies, in  0.710 seconds
Refreshing native plugins compatible for Editor in 1.15 ms, found 4 plugins.
Native extension for WindowsStandalone target not found
Mono: successfully reloaded assembly
- Finished resetting the current domain, in  0.786 seconds
Domain Reload Profiling: 1499ms
	BeginReloadAssembly (203ms)
		ExecutionOrderSort (0ms)
		DisableScriptedObjects (15ms)
		BackupInstance (0ms)
		ReleaseScriptingObjects (0ms)
		CreateAndSetChildDomain (54ms)
	RebuildCommonClasses (32ms)
	RebuildNativeTypeToScriptingClass (11ms)
	initialDomainReloadingComplete (23ms)
	LoadAllAssembliesAndSetupDomain (444ms)
		LoadAssemblies (328ms)
		RebuildTransferFunctionScriptingTraits (0ms)
		AnalyzeDomain (203ms)
			TypeCache.Refresh (11ms)
				TypeCache.ScanAssembly (1ms)
			BuildScriptInfoCaches (173ms)
			ResolveRequiredComponents (14ms)
	FinalizeReload (786ms)
		ReleaseScriptCaches (0ms)
		RebuildScriptCaches (0ms)
		SetupLoadedEditorAssemblies (602ms)
			LogAssemblyErrors (0ms)
			InitializePlatformSupportModulesInManaged (2ms)
			SetLoadedEditorAssemblies (4ms)
			BeforeProcessingInitializeOnLoad (123ms)
			ProcessInitializeOnLoadAttributes (399ms)
			ProcessInitializeOnLoadMethodAttributes (65ms)
			AfterProcessingInitializeOnLoad (9ms)
			EditorAssembliesLoaded (0ms)
		ExecutionOrderSort2 (0ms)
		AwakeInstancesAfterBackupRestoration (16ms)
Refreshing native plugins compatible for Editor in 1.25 ms, found 4 plugins.
Preloading 0 native plugins for Editor in 0.00 ms.
Unloading 37 Unused Serialized files (Serialized files now loaded: 0)
Unloading 6645 unused Assets / (7.1 MB). Loaded Objects now: 7392.
Memory consumption went from 166.6 MB to 159.6 MB.
Total: 12.214900 ms (FindLiveObjects: 0.749000 ms CreateObjectMapping: 0.634800 ms MarkObjects: 6.537000 ms  DeleteObjects: 4.293200 ms)

Prepare: number of updated asset objects reloaded= 0
========================================================================
Received Import Request.
  Time since last request: 138.844382 seconds.
  path: Assets/Imports/Editor
  artifactKey: Guid(be2efd7a81e3199488f315a4b4af5cbe) Importer(815301076,1909f56bfc062723c751e8b465ee728b)
Start importing Assets/Imports/Editor using Guid(be2efd7a81e3199488f315a4b4af5cbe) Importer(815301076,1909f56bfc062723c751e8b465ee728b) (PreviewImporter) -> (artifact id: '5ea3ed6598a82c0b62a4a8fab0f8bce6') in 0.0082258 seconds
Number of updated asset objects reloaded before import = 0Number of asset objects unloaded after import = 0

========================================================================
Received Import Request.
  Time since last request: 3.985585 seconds.
  path: Assets/Imports/Models
  artifactKey: Guid(cd53715888d0719438b6f3c8f86a0808) Importer(815301076,1909f56bfc062723c751e8b465ee728b)
Start importing Assets/Imports/Models using Guid(cd53715888d0719438b6f3c8f86a0808) Importer(815301076,1909f56bfc062723c751e8b465ee728b) (PreviewImporter) -> (artifact id: '2ef70ac7071ebf66d0969b4a940bcc70') in 0.0004467 seconds
Number of updated asset objects reloaded before import = 0Number of asset objects unloaded after import = 0

========================================================================
Received Import Request.
  Time since last request: 0.080991 seconds.
  path: Assets/Imports/Models/altarStone.fbx
  artifactKey: Guid(91d94ada9616eb340a77ccf9ae946e97) Importer(815301076,1909f56bfc062723c751e8b465ee728b)
Start importing Assets/Imports/Models/altarStone.fbx using Guid(91d94ada9616eb340a77ccf9ae946e97) Importer(815301076,1909f56bfc062723c751e8b465ee728b) (PreviewImporter) -> (artifact id: '589bb5b72de7ddf97c1f610dcd2f9966') in 0.4576823 seconds
Number of updated asset objects reloaded before import = 0Number of asset objects unloaded after import = 10

========================================================================
Received Import Request.
  Time since last request: 0.000022 seconds.
  path: Assets/Imports/Models/crossWood.fbx
  artifactKey: Guid(6a1e6e1c815ed00479a9f6f21a778fba) Importer(815301076,1909f56bfc062723c751e8b465ee728b)
Start importing Assets/Imports/Models/crossWood.fbx using Guid(6a1e6e1c815ed00479a9f6f21a778fba) Importer(815301076,1909f56bfc062723c751e8b465ee728b) (PreviewImporter) -> (artifact id: '3396ca2f7cb0f2e646ba0726a3687486') in 0.0316454 seconds
Number of updated asset objects reloaded before import = 0Number of asset objects unloaded after import = 9

========================================================================
Received Import Request.
  Time since last request: 0.000034 seconds.
  path: Assets/Imports/Models/fenceGate.fbx
  artifactKey: Guid(f628cc3df390678439cb235d1eef20d6) Importer(815301076,1909f56bfc062723c751e8b465ee728b)
Start importing Assets/Imports/Models/fenceGate.fbx using Guid(f628cc3df390678439cb235d1eef20d6) Importer(815301076,1909f56bfc062723c751e8b465ee728b) (PreviewImporter) -> (artifact id: '4c5f871e5887b9633f1776261cc86b49') in 0.0271683 seconds
Number of updated asset objects reloaded before import = 0Number of asset objects unloaded after import = 18

========================================================================
Received Import Request.
  Time since last request: 0.000017 seconds.
  path: Assets/Imports/Models/detailPlate.fbx
  artifactKey: Guid(4d549c439e4d73149ade9801fc667515) Importer(815301076,1909f56bfc062723c751e8b465ee728b)
Start importing Assets/Imports/Models/detailPlate.fbx using Guid(4d549c439e4d73149ade9801fc667515) Importer(815301076,1909f56bfc062723c751e8b465ee728b) (PreviewImporter) -> (artifact id: '18e2347571c1c33a3c8130b95bdaf605') in 0.0161555 seconds
Number of updated asset objects reloaded before import = 0Number of asset objects unloaded after import = 8

========================================================================
Received Import Request.
  Time since last request: 0.000015 seconds.
  path: Assets/Imports/Models/brickWallCurve.fbx
  artifactKey: Guid(fe6cf03190c838149bc9f9d04663ff3f) Importer(815301076,1909f56bfc062723c751e8b465ee728b)
Start importing Assets/Imports/Models/brickWallCurve.fbx using Guid(fe6cf03190c838149bc9f9d04663ff3f) Importer(815301076,1909f56bfc062723c751e8b465ee728b) (PreviewImporter) -> (artifact id: '58134305dd07d4cdffdd9b0628ccfec8') in 0.0188214 seconds
Number of updated asset objects reloaded before import = 0Number of asset objects unloaded after import = 9

========================================================================
Received Import Request.
  Time since last request: 0.000016 seconds.
  path: Assets/Imports/Models/pumpkin.fbx
  artifactKey: Guid(2a8649c7f984fb249bbe4b71285de079) Importer(815301076,1909f56bfc062723c751e8b465ee728b)
Start importing Assets/Imports/Models/pumpkin.fbx using Guid(2a8649c7f984fb249bbe4b71285de079) Importer(815301076,1909f56bfc062723c751e8b465ee728b) (PreviewImporter) -> (artifact id: '61147f54ce82ce85b92ddd556aec9868') in 0.0182563 seconds
Number of updated asset objects reloaded before import = 0Number of asset objects unloaded after import = 9

========================================================================
Received Import Request.
  Time since last request: 0.000014 seconds.
  path: Assets/Imports/Models/brickWall.fbx
  artifactKey: Guid(aa8c64431a6c4844296af10f45faaa65) Importer(815301076,1909f56bfc062723c751e8b465ee728b)
Start importing Assets/Imports/Models/brickWall.fbx using Guid(aa8c64431a6c4844296af10f45faaa65) Importer(815301076,1909f56bfc062723c751e8b465ee728b) (PreviewImporter) -> (artifact id: '983c599070eeb56a4ada1dbd151b8feb') in 0.017185 seconds
Number of updated asset objects reloaded before import = 0Number of asset objects unloaded after import = 9

========================================================================
Received Import Request.
  Time since last request: 0.000015 seconds.
  path: Assets/Imports/Models/urn.fbx
  artifactKey: Guid(c635f9b1ba3c2a444b64927832e43ef4) Importer(815301076,1909f56bfc062723c751e8b465ee728b)
Start importing Assets/Imports/Models/urn.fbx using Guid(c635f9b1ba3c2a444b64927832e43ef4) Importer(815301076,1909f56bfc062723c751e8b465ee728b) (PreviewImporter) -> (artifact id: 'e5293a5ad5c55119e06c600c1cfaae32') in 0.0229195 seconds
Number of updated asset objects reloaded before import = 0Number of asset objects unloaded after import = 14

========================================================================
Received Import Request.
  Time since last request: 0.000018 seconds.
  path: Assets/Imports/Models/cross.fbx
  artifactKey: Guid(7f797c361ffecea4a9a61915183bb08d) Importer(815301076,1909f56bfc062723c751e8b465ee728b)
Start importing Assets/Imports/Models/cross.fbx using Guid(7f797c361ffecea4a9a61915183bb08d) Importer(815301076,1909f56bfc062723c751e8b465ee728b) (PreviewImporter) -> (artifact id: '42ce7f81ff47614b68b30442f6c92807') in 0.0157212 seconds
Number of updated asset objects reloaded before import = 0Number of asset objects unloaded after import = 8

========================================================================
Received Import Request.
  Time since last request: 0.000024 seconds.
  path: Assets/Imports/Models/detailChalice.fbx
  artifactKey: Guid(db92fcc4916398c4f8b0c2f3b892dda3) Importer(815301076,1909f56bfc062723c751e8b465ee728b)
Start importing Assets/Imports/Models/detailChalice.fbx using Guid(db92fcc4916398c4f8b0c2f3b892dda3) Importer(815301076,1909f56bfc062723c751e8b465ee728b) (PreviewImporter) -> (artifact id: '2808cc2dc440cabc5da160be571ae745') in 0.0160653 seconds
Number of updated asset objects reloaded before import = 0Number of asset objects unloaded after import = 8

========================================================================
Received Import Request.
  Time since last request: 0.000017 seconds.
  path: Assets/Imports/Models/rocks.fbx
  artifactKey: Guid(2a9058802999f9048b76905d7f882ff3) Importer(815301076,1909f56bfc062723c751e8b465ee728b)
Start importing Assets/Imports/Models/rocks.fbx using Guid(2a9058802999f9048b76905d7f882ff3) Importer(815301076,1909f56bfc062723c751e8b465ee728b) (PreviewImporter) -> (artifact id: '6174735bb54f7d4d66ac8acaaacaf437') in 0.0157953 seconds
Number of updated asset objects reloaded before import = 0Number of asset objects unloaded after import = 8

========================================================================
Received Import Request.
  Time since last request: 0.000017 seconds.
  path: Assets/Imports/Models/pillarSquare.fbx
  artifactKey: Guid(9129cf1f1c793514aa59726dd1f04c38) Importer(815301076,1909f56bfc062723c751e8b465ee728b)
Start importing Assets/Imports/Models/pillarSquare.fbx using Guid(9129cf1f1c793514aa59726dd1f04c38) Importer(815301076,1909f56bfc062723c751e8b465ee728b) (PreviewImporter) -> (artifact id: '79c148bc2a3c49d3a0c270974b779aa1') in 0.0154251 seconds
Number of updated asset objects reloaded before import = 0Number of asset objects unloaded after import = 8

========================================================================
Received Import Request.
  Time since last request: 0.000016 seconds.
  path: Assets/Imports/Models/fence.fbx
  artifactKey: Guid(66e9e26a4d9c65c4ea8d2d62721f09ea) Importer(815301076,1909f56bfc062723c751e8b465ee728b)
Start importing Assets/Imports/Models/fence.fbx using Guid(66e9e26a4d9c65c4ea8d2d62721f09ea) Importer(815301076,1909f56bfc062723c751e8b465ee728b) (PreviewImporter) -> (artifact id: 'd6d48f0dcf7b09cdf087061092773a0e') in 0.0286258 seconds
Number of updated asset objects reloaded before import = 0Number of asset objects unloaded after import = 19

========================================================================
Received Import Request.
  Time since last request: 0.000015 seconds.
  path: Assets/Imports/Models/grave.fbx
  artifactKey: Guid(d6ee4eaaeab0bae45bc7c8331b34ae81) Importer(815301076,1909f56bfc062723c751e8b465ee728b)
Start importing Assets/Imports/Models/grave.fbx using Guid(d6ee4eaaeab0bae45bc7c8331b34ae81) Importer(815301076,1909f56bfc062723c751e8b465ee728b) (PreviewImporter) -> (artifact id: '2a119cfbe5fd4e3f1b72a5220e04816d') in 0.0154277 seconds
Number of updated asset objects reloaded before import = 0Number of asset objects unloaded after import = 8

========================================================================
Received Import Request.
  Time since last request: 0.000021 seconds.
  path: Assets/Imports/Models/ghost.fbx
  artifactKey: Guid(6916f642e2d273d41a8b7257b101d58a) Importer(815301076,1909f56bfc062723c751e8b465ee728b)
Start importing Assets/Imports/Models/ghost.fbx using Guid(6916f642e2d273d41a8b7257b101d58a) Importer(815301076,1909f56bfc062723c751e8b465ee728b) (PreviewImporter) -> (artifact id: '4ea8df796bdd1df0b19a07ca81a65000') in 0.0333329 seconds
Number of updated asset objects reloaded before import = 0Number of asset objects unloaded after import = 23

========================================================================
Received Import Request.
  Time since last request: 0.000039 seconds.
  path: Assets/Imports/Models/bench.fbx
  artifactKey: Guid(6d46adbfad823044f877ba132a002561) Importer(815301076,1909f56bfc062723c751e8b465ee728b)
Start importing Assets/Imports/Models/bench.fbx using Guid(6d46adbfad823044f877ba132a002561) Importer(815301076,1909f56bfc062723c751e8b465ee728b) (PreviewImporter) -> (artifact id: '1e688d4684538a28a39bb7e1d8013106') in 0.0188439 seconds
Number of updated asset objects reloaded before import = 0Number of asset objects unloaded after import = 9

========================================================================
Received Import Request.
  Time since last request: 0.000022 seconds.
  path: Assets/Imports/Models/ironFenceDamaged.fbx
  artifactKey: Guid(4a88dcba57d4c5c47a5061394e01e265) Importer(815301076,1909f56bfc062723c751e8b465ee728b)
Start importing Assets/Imports/Models/ironFenceDamaged.fbx using Guid(4a88dcba57d4c5c47a5061394e01e265) Importer(815301076,1909f56bfc062723c751e8b465ee728b) (PreviewImporter) -> (artifact id: 'bc800326c362e054041453320c95adbd') in 0.014559 seconds
Number of updated asset objects reloaded before import = 0Number of asset objects unloaded after import = 8

========================================================================
Received Import Request.
  Time since last request: 0.000019 seconds.
  path: Assets/Imports/Models/pine.fbx
  artifactKey: Guid(765a44f67bc900644a6e6d260e301428) Importer(815301076,1909f56bfc062723c751e8b465ee728b)
Start importing Assets/Imports/Models/pine.fbx using Guid(765a44f67bc900644a6e6d260e301428) Importer(815301076,1909f56bfc062723c751e8b465ee728b) (PreviewImporter) -> (artifact id: '2e84da82e9bb577eab820b17632b1202') in 0.0212692 seconds
Number of updated asset objects reloaded before import = 0Number of asset objects unloaded after import = 10

========================================================================
Received Import Request.
  Time since last request: 0.000015 seconds.
  path: Assets/Imports/Models/borderPillar.fbx
  artifactKey: Guid(3aa72eee1fd92774babdd45ccb2c81ff) Importer(815301076,1909f56bfc062723c751e8b465ee728b)
Start importing Assets/Imports/Models/borderPillar.fbx using Guid(3aa72eee1fd92774babdd45ccb2c81ff) Importer(815301076,1909f56bfc062723c751e8b465ee728b) (PreviewImporter) -> (artifact id: 'c3a3e20d71525efb2be0ff53c9bd8079') in 0.0137617 seconds
Number of updated asset objects reloaded before import = 0Number of asset objects unloaded after import = 8

========================================================================
Received Import Request.
  Time since last request: 0.000014 seconds.
  path: Assets/Imports/Models/gravestoneRoof.fbx
  artifactKey: Guid(6f819dc979cf63c4b93b5af9a277a373) Importer(815301076,1909f56bfc062723c751e8b465ee728b)
Start importing Assets/Imports/Models/gravestoneRoof.fbx using Guid(6f819dc979cf63c4b93b5af9a277a373) Importer(815301076,1909f56bfc062723c751e8b465ee728b) (PreviewImporter) -> (artifact id: '9dbc8a2e325f1f17caafaa12df427da5') in 0.0152061 seconds
Number of updated asset objects reloaded before import = 0Number of asset objects unloaded after import = 8

========================================================================
Received Import Request.
  Time since last request: 0.000015 seconds.
  path: Assets/Imports/Models/detailBowl.fbx
  artifactKey: Guid(80c8b3f385743ef408ff37395c8f740f) Importer(815301076,1909f56bfc062723c751e8b465ee728b)
Start importing Assets/Imports/Models/detailBowl.fbx using Guid(80c8b3f385743ef408ff37395c8f740f) Importer(815301076,1909f56bfc062723c751e8b465ee728b) (PreviewImporter) -> (artifact id: 'ef12cdaff2610ed262b32edce84bc997') in 0.0158867 seconds
Number of updated asset objects reloaded before import = 0Number of asset objects unloaded after import = 8

========================================================================
Received Import Request.
  Time since last request: 0.000021 seconds.
  path: Assets/Imports/Models/coffin.fbx
  artifactKey: Guid(0040dc712549d6447a0eb127a52f93ba) Importer(815301076,1909f56bfc062723c751e8b465ee728b)
Start importing Assets/Imports/Models/coffin.fbx using Guid(0040dc712549d6447a0eb127a52f93ba) Importer(815301076,1909f56bfc062723c751e8b465ee728b) (PreviewImporter) -> (artifact id: 'e9be5246fa6fcf83969ac90e264644c1') in 0.0255466 seconds
Number of updated asset objects reloaded before import = 0Number of asset objects unloaded after import = 14

========================================================================
Received Import Request.
  Time since last request: 0.000023 seconds.
  path: Assets/Imports/Models/stoneWallColumn.fbx
  artifactKey: Guid(ea630f3b152f1e74dbf5e5721cfac0c6) Importer(815301076,1909f56bfc062723c751e8b465ee728b)
Start importing Assets/Imports/Models/stoneWallColumn.fbx using Guid(ea630f3b152f1e74dbf5e5721cfac0c6) Importer(815301076,1909f56bfc062723c751e8b465ee728b) (PreviewImporter) -> (artifact id: 'c18671da63e97784e007f6a60334e213') in 0.0169873 seconds
Number of updated asset objects reloaded before import = 0Number of asset objects unloaded after import = 8

========================================================================
Received Import Request.
  Time since last request: 0.000028 seconds.
  path: Assets/Imports/Models/debrisWood.fbx
  artifactKey: Guid(a42012ee8efbdb54fb1466b75a44703e) Importer(815301076,1909f56bfc062723c751e8b465ee728b)
Start importing Assets/Imports/Models/debrisWood.fbx using Guid(a42012ee8efbdb54fb1466b75a44703e) Importer(815301076,1909f56bfc062723c751e8b465ee728b) (PreviewImporter) -> (artifact id: 'da2ee55ee2601755a7faab6928b6d62b') in 0.017444 seconds
Number of updated asset objects reloaded before import = 0Number of asset objects unloaded after import = 8

========================================================================
Received Import Request.
  Time since last request: 0.000015 seconds.
  path: Assets/Imports/Models/pillarLarge.fbx
  artifactKey: Guid(d14ff76b1437e64408ba163a74077742) Importer(815301076,1909f56bfc062723c751e8b465ee728b)
Start importing Assets/Imports/Models/pillarLarge.fbx using Guid(d14ff76b1437e64408ba163a74077742) Importer(815301076,1909f56bfc062723c751e8b465ee728b) (PreviewImporter) -> (artifact id: 'b99344d17b3563b0748f0d954c38fec0') in 0.0165413 seconds
Number of updated asset objects reloaded before import = 0Number of asset objects unloaded after import = 9

========================================================================
Received Import Request.
  Time since last request: 0.000015 seconds.
  path: Assets/Imports/Models/gravestoneCross.fbx
  artifactKey: Guid(9c2e443565ac6234c8a21e6443e05ec3) Importer(815301076,1909f56bfc062723c751e8b465ee728b)
Start importing Assets/Imports/Models/gravestoneCross.fbx using Guid(9c2e443565ac6234c8a21e6443e05ec3) Importer(815301076,1909f56bfc062723c751e8b465ee728b) (PreviewImporter) -> (artifact id: '490fab69ac2270800337db6cf3a8a52e') in 0.0166449 seconds
Number of updated asset objects reloaded before import = 0Number of asset objects unloaded after import = 8

========================================================================
Received Import Request.
  Time since last request: 0.000018 seconds.
  path: Assets/Imports/Models/ironFenceBorderCurve.fbx
  artifactKey: Guid(e85eea2ce578a2b41bdfcb8dda83da5b) Importer(815301076,1909f56bfc062723c751e8b465ee728b)
Start importing Assets/Imports/Models/ironFenceBorderCurve.fbx using Guid(e85eea2ce578a2b41bdfcb8dda83da5b) Importer(815301076,1909f56bfc062723c751e8b465ee728b) (PreviewImporter) -> (artifact id: 'c79f9174e0dfb45998c7dde6e75a780a') in 0.0200588 seconds
Number of updated asset objects reloaded before import = 0Number of asset objects unloaded after import = 9

========================================================================
Received Import Request.
  Time since last request: 0.000019 seconds.
  path: Assets/Imports/Models/gravestoneFlatOpen.fbx
  artifactKey: Guid(e8f96be04aa624c4abdbff0c4b4b46f1) Importer(815301076,1909f56bfc062723c751e8b465ee728b)
Start importing Assets/Imports/Models/gravestoneFlatOpen.fbx using Guid(e8f96be04aa624c4abdbff0c4b4b46f1) Importer(815301076,1909f56bfc062723c751e8b465ee728b) (PreviewImporter) -> (artifact id: 'f230c5ade6d495f711486f51dd9ae81f') in 0.0212561 seconds
Number of updated asset objects reloaded before import = 0Number of asset objects unloaded after import = 13

========================================================================
Received Import Request.
  Time since last request: 0.000015 seconds.
  path: Assets/Imports/Models/shovelDirt.fbx
  artifactKey: Guid(aaa9a82a03b26b0499d125fa23ff1792) Importer(815301076,1909f56bfc062723c751e8b465ee728b)
Start importing Assets/Imports/Models/shovelDirt.fbx using Guid(aaa9a82a03b26b0499d125fa23ff1792) Importer(815301076,1909f56bfc062723c751e8b465ee728b) (PreviewImporter) -> (artifact id: '5a257cf03b52f52dbf4bad511864d67c') in 0.0179136 seconds
Number of updated asset objects reloaded before import = 0Number of asset objects unloaded after import = 9

========================================================================
Received Import Request.
  Time since last request: 0.000018 seconds.
  path: Assets/Imports/Models/crossColumn.fbx
  artifactKey: Guid(99b9a486c97d82e42ae54fc3f0d2a5db) Importer(815301076,1909f56bfc062723c751e8b465ee728b)
Start importing Assets/Imports/Models/crossColumn.fbx using Guid(99b9a486c97d82e42ae54fc3f0d2a5db) Importer(815301076,1909f56bfc062723c751e8b465ee728b) (PreviewImporter) -> (artifact id: 'aca5211cdfdbb7c7c1fa8a3c645806a3') in 0.0159689 seconds
Number of updated asset objects reloaded before import = 0Number of asset objects unloaded after import = 8

========================================================================
Received Import Request.
  Time since last request: 0.000023 seconds.
  path: Assets/Imports/Models/pumpkinTall.fbx
  artifactKey: Guid(3c4bf77c2196d7847a7821a356f1e217) Importer(815301076,1909f56bfc062723c751e8b465ee728b)
Start importing Assets/Imports/Models/pumpkinTall.fbx using Guid(3c4bf77c2196d7847a7821a356f1e217) Importer(815301076,1909f56bfc062723c751e8b465ee728b) (PreviewImporter) -> (artifact id: 'd8949900d842fe5da0d81c1cf7ba8742') in 0.0201147 seconds
Number of updated asset objects reloaded before import = 0Number of asset objects unloaded after import = 9

========================================================================
Received Import Request.
  Time since last request: 0.000017 seconds.
  path: Assets/Imports/Models/lightpostSingle.fbx
  artifactKey: Guid(aeb9ad37087a2604b8db7cabfbe92904) Importer(815301076,1909f56bfc062723c751e8b465ee728b)
Start importing Assets/Imports/Models/lightpostSingle.fbx using Guid(aeb9ad37087a2604b8db7cabfbe92904) Importer(815301076,1909f56bfc062723c751e8b465ee728b) (PreviewImporter) -> (artifact id: '13c9e37921074322f2af2242a74069f0') in 0.0211049 seconds
Number of updated asset objects reloaded before import = 0Number of asset objects unloaded after import = 10

========================================================================
Received Import Request.
  Time since last request: 0.000021 seconds.
  path: Assets/Imports/Models/skeleton.fbx
  artifactKey: Guid(08cd3483cf265ed4f9d4e21fa0299662) Importer(815301076,1909f56bfc062723c751e8b465ee728b)
Start importing Assets/Imports/Models/skeleton.fbx using Guid(08cd3483cf265ed4f9d4e21fa0299662) Importer(815301076,1909f56bfc062723c751e8b465ee728b) (PreviewImporter) -> (artifact id: '4bb77f82178ae7eb91194b56b9b206d3') in 0.0445387 seconds
Number of updated asset objects reloaded before import = 0Number of asset objects unloaded after import = 36

========================================================================
Received Import Request.
  Time since last request: 0.000018 seconds.
  path: Assets/Imports/Models/stoneWall.fbx
  artifactKey: Guid(6f561852752fc644eaefa32aa4ce3765) Importer(815301076,1909f56bfc062723c751e8b465ee728b)
Start importing Assets/Imports/Models/stoneWall.fbx using Guid(6f561852752fc644eaefa32aa4ce3765) Importer(815301076,1909f56bfc062723c751e8b465ee728b) (PreviewImporter) -> (artifact id: 'ce1197efa46d353eee47d39e1e9c8128') in 0.0195878 seconds
Number of updated asset objects reloaded before import = 0Number of asset objects unloaded after import = 8

========================================================================
Received Import Request.
  Time since last request: 0.000019 seconds.
  path: Assets/Imports/Models/rocksTall.fbx
  artifactKey: Guid(1a7f3df2318c9d542a6a9ca8254f8c81) Importer(815301076,1909f56bfc062723c751e8b465ee728b)
Start importing Assets/Imports/Models/rocksTall.fbx using Guid(1a7f3df2318c9d542a6a9ca8254f8c81) Importer(815301076,1909f56bfc062723c751e8b465ee728b) (PreviewImporter) -> (artifact id: '8693853a6f71e3990a0eed3371d893cd') in 0.0185987 seconds
Number of updated asset objects reloaded before import = 0Number of asset objects unloaded after import = 8

========================================================================
Received Import Request.
  Time since last request: 0.000022 seconds.
  path: Assets/Imports/Models/graveBorder.fbx
  artifactKey: Guid(c51b31ac011714943bbee0e61eb37ddc) Importer(815301076,1909f56bfc062723c751e8b465ee728b)
Start importing Assets/Imports/Models/graveBorder.fbx using Guid(c51b31ac011714943bbee0e61eb37ddc) Importer(815301076,1909f56bfc062723c751e8b465ee728b) (PreviewImporter) -> (artifact id: 'a2195bbffa266db3e7b35679e98dc95f') in 0.0199209 seconds
Number of updated asset objects reloaded before import = 0Number of asset objects unloaded after import = 8

========================================================================
Received Import Request.
  Time since last request: 0.000023 seconds.
  path: Assets/Imports/Models/pumpkinTallCarved.fbx
  artifactKey: Guid(4571f7de27727b641822c18a2c911cd5) Importer(815301076,1909f56bfc062723c751e8b465ee728b)
Start importing Assets/Imports/Models/pumpkinTallCarved.fbx using Guid(4571f7de27727b641822c18a2c911cd5) Importer(815301076,1909f56bfc062723c751e8b465ee728b) (PreviewImporter) -> (artifact id: '469cb7235e858997ddb3fa5aea5269f7') in 0.0266556 seconds
Number of updated asset objects reloaded before import = 0Number of asset objects unloaded after import = 10

========================================================================
Received Import Request.
  Time since last request: 1.572468 seconds.
  path: Assets/Imports/Models/zombie.fbx
  artifactKey: Guid(d444633021854cc4eb2ada548c5b7dd6) Importer(815301076,1909f56bfc062723c751e8b465ee728b)
Start importing Assets/Imports/Models/zombie.fbx using Guid(d444633021854cc4eb2ada548c5b7dd6) Importer(815301076,1909f56bfc062723c751e8b465ee728b) (PreviewImporter) -> (artifact id: 'c3c0cc842bd1e287cb6747ed23bad6c1') in 0.0609019 seconds
Number of updated asset objects reloaded before import = 0Number of asset objects unloaded after import = 39

========================================================================
Received Prepare
Begin MonoManager ReloadAssembly
- Loaded All Assemblies, in  0.655 seconds
Refreshing native plugins compatible for Editor in 1.68 ms, found 4 plugins.
Native extension for WindowsStandalone target not found
Mono: successfully reloaded assembly
- Finished resetting the current domain, in  0.710 seconds
Domain Reload Profiling: 1369ms
	BeginReloadAssembly (214ms)
		ExecutionOrderSort (0ms)
		DisableScriptedObjects (26ms)
		BackupInstance (0ms)
		ReleaseScriptingObjects (0ms)
		CreateAndSetChildDomain (64ms)
	RebuildCommonClasses (30ms)
	RebuildNativeTypeToScriptingClass (14ms)
	initialDomainReloadingComplete (23ms)
	LoadAllAssembliesAndSetupDomain (376ms)
		LoadAssemblies (293ms)
		RebuildTransferFunctionScriptingTraits (0ms)
		AnalyzeDomain (167ms)
			TypeCache.Refresh (7ms)
				TypeCache.ScanAssembly (0ms)
			BuildScriptInfoCaches (146ms)
			ResolveRequiredComponents (9ms)
	FinalizeReload (711ms)
		ReleaseScriptCaches (0ms)
		RebuildScriptCaches (0ms)
		SetupLoadedEditorAssemblies (544ms)
			LogAssemblyErrors (0ms)
			InitializePlatformSupportModulesInManaged (2ms)
			SetLoadedEditorAssemblies (4ms)
			BeforeProcessingInitializeOnLoad (103ms)
			ProcessInitializeOnLoadAttributes (376ms)
			ProcessInitializeOnLoadMethodAttributes (55ms)
			AfterProcessingInitializeOnLoad (5ms)
			EditorAssembliesLoaded (0ms)
		ExecutionOrderSort2 (0ms)
		AwakeInstancesAfterBackupRestoration (13ms)
Refreshing native plugins compatible for Editor in 1.42 ms, found 4 plugins.
Preloading 0 native plugins for Editor in 0.00 ms.
Unloading 37 Unused Serialized files (Serialized files now loaded: 0)
Unloading 6646 unused Assets / (6.0 MB). Loaded Objects now: 7450.
Memory consumption went from 171.4 MB to 165.4 MB.
Total: 10.312400 ms (FindLiveObjects: 0.767700 ms CreateObjectMapping: 0.356000 ms MarkObjects: 5.991500 ms  DeleteObjects: 3.196400 ms)

Prepare: number of updated asset objects reloaded= 0
Editor requested this worker to shutdown with reason: Scaling down because of idle timeout
AssetImportWorker is now disconnected from the server
Process exiting
Exiting without the bug reporter. Application will terminate with return code 0