Using pre-set license
Built from '6000.0/release' branch; Version is '6000.0.35f1 (9a3bc604008a) revision 10107846'; Using compiler version '193933523'; Build Type 'Release'
OS: 'Windows 11  (10.0.26100) 64bit ProfessionalWorkstation' Language: 'nl' Physical Memory: 32691 MB
BatchMode: 1, IsHumanControllingUs: 0, StartBugReporterOnCrash: 0, Is64bit: 1, IsPro: 1

COMMAND LINE ARGUMENTS:
C:\Program Files\Unity\Hub\Editor\6000.0.35f1\Editor\Unity.exe
-adb2
-batchMode
-noUpm
-name
AssetImportWorker3
-projectPath
E:/Unity/HorrorFish/fish
-logFile
Logs/AssetImportWorker3.log
-srvPort
53817
-job-worker-count
7
-background-job-worker-count
8
-gc-helper-count
1
Successfully changed project path to: E:/Unity/HorrorFish/fish
E:/Unity/HorrorFish/fish
[UnityMemory] Configuration Parameters - Can be set up in boot.config
    "memorysetup-bucket-allocator-granularity=16"
    "memorysetup-bucket-allocator-bucket-count=8"
    "memorysetup-bucket-allocator-block-size=33554432"
    "memorysetup-bucket-allocator-block-count=8"
    "memorysetup-main-allocator-block-size=16777216"
    "memorysetup-thread-allocator-block-size=16777216"
    "memorysetup-gfx-main-allocator-block-size=16777216"
    "memorysetup-gfx-thread-allocator-block-size=16777216"
    "memorysetup-cache-allocator-block-size=4194304"
    "memorysetup-typetree-allocator-block-size=2097152"
    "memorysetup-profiler-bucket-allocator-granularity=16"
    "memorysetup-profiler-bucket-allocator-bucket-count=8"
    "memorysetup-profiler-bucket-allocator-block-size=33554432"
    "memorysetup-profiler-bucket-allocator-block-count=8"
    "memorysetup-profiler-allocator-block-size=16777216"
    "memorysetup-profiler-editor-allocator-block-size=1048576"
    "memorysetup-temp-allocator-size-main=16777216"
    "memorysetup-job-temp-allocator-block-size=2097152"
    "memorysetup-job-temp-allocator-block-size-background=1048576"
    "memorysetup-job-temp-allocator-reduction-small-platforms=262144"
    "memorysetup-allocator-temp-initial-block-size-main=262144"
    "memorysetup-allocator-temp-initial-block-size-worker=262144"
    "memorysetup-temp-allocator-size-background-worker=32768"
    "memorysetup-temp-allocator-size-job-worker=262144"
    "memorysetup-temp-allocator-size-preload-manager=33554432"
    "memorysetup-temp-allocator-size-nav-mesh-worker=65536"
    "memorysetup-temp-allocator-size-audio-worker=65536"
    "memorysetup-temp-allocator-size-cloud-worker=32768"
    "memorysetup-temp-allocator-size-gi-baking-worker=262144"
    "memorysetup-temp-allocator-size-gi-baking-worker=262144"
    "memorysetup-temp-allocator-size-gi-baking-worker=262144"
    "memorysetup-temp-allocator-size-gi-baking-worker=262144"
    "memorysetup-temp-allocator-size-gi-baking-worker=262144"
    "memorysetup-temp-allocator-size-gfx=262144"
Player connection [40560]  Target information:

Player connection [40560]  * "[IP] 192.168.0.178 [Port] 0 [Flags] 2 [Guid] 3424257171 [EditorId] 3424257171 [Version] 1048832 [Id] WindowsEditor(7,Home) [Debug] 1 [PackageName] WindowsEditor [ProjectName] Editor" 

Player connection [40560] Host joined multi-casting on [225.0.0.222:54997]...
Player connection [40560] Host joined alternative multi-casting on [225.0.0.222:34997]...
JobSystem: Creating JobQueue using job-worker-count value 7
Input System module state changed to: Initialized.
[Physics::Module] Initialized fallback backend.
[Physics::Module] Id: 0xdecafbad
Library Redirect Path: Library/
[Physics::Module] Selected backend.
[Physics::Module] Name: PhysX
[Physics::Module] Id: 0xf2b8ea05
[Physics::Module] SDK Version: 4.1.2
[Physics::Module] Integration Version: 1.0.0
[Physics::Module] Threading Mode: Multi-Threaded
Refreshing native plugins compatible for Editor in 1.65 ms, found 4 plugins.
Preloading 0 native plugins for Editor in 0.00 ms.
Initialize engine version: 6000.0.35f1 (9a3bc604008a)
[Subsystems] Discovering subsystems at path C:/Program Files/Unity/Hub/Editor/6000.0.35f1/Editor/Data/Resources/UnitySubsystems
[Subsystems] Discovering subsystems at path E:/Unity/HorrorFish/fish/Assets
GfxDevice: creating device client; kGfxThreadingModeNonThreaded
Direct3D:
    Version:  Direct3D 11.0 [level 11.1]
    Renderer: NVIDIA GeForce RTX 4060 Ti (ID=0x2803)
    Vendor:   NVIDIA
    VRAM:     7949 MB
    Driver:   32.0.15.6636
Initialize mono
Mono path[0] = 'C:/Program Files/Unity/Hub/Editor/6000.0.35f1/Editor/Data/Managed'
Mono path[1] = 'C:/Program Files/Unity/Hub/Editor/6000.0.35f1/Editor/Data/MonoBleedingEdge/lib/mono/unityjit-win32'
Mono config path = 'C:/Program Files/Unity/Hub/Editor/6000.0.35f1/Editor/Data/MonoBleedingEdge/etc'
Using monoOptions --debugger-agent=transport=dt_socket,embedding=1,server=y,suspend=n,address=127.0.0.1:56240
Begin MonoManager ReloadAssembly
Registering precompiled unity dll's ...
Register platform support module: C:/Program Files/Unity/Hub/Editor/6000.0.35f1/Editor/Data/PlaybackEngines/WindowsStandaloneSupport/UnityEditor.WindowsStandalone.Extensions.dll
Registered in 0.002556 seconds.
- Loaded All Assemblies, in  0.306 seconds
Native extension for WindowsStandalone target not found
Mono: successfully reloaded assembly
- Finished resetting the current domain, in  0.271 seconds
Domain Reload Profiling: 575ms
	BeginReloadAssembly (108ms)
		ExecutionOrderSort (0ms)
		DisableScriptedObjects (0ms)
		BackupInstance (0ms)
		ReleaseScriptingObjects (0ms)
		CreateAndSetChildDomain (1ms)
	RebuildCommonClasses (31ms)
	RebuildNativeTypeToScriptingClass (9ms)
	initialDomainReloadingComplete (40ms)
	LoadAllAssembliesAndSetupDomain (116ms)
		LoadAssemblies (105ms)
		RebuildTransferFunctionScriptingTraits (0ms)
		AnalyzeDomain (114ms)
			TypeCache.Refresh (113ms)
				TypeCache.ScanAssembly (103ms)
			BuildScriptInfoCaches (0ms)
			ResolveRequiredComponents (0ms)
	FinalizeReload (271ms)
		ReleaseScriptCaches (0ms)
		RebuildScriptCaches (0ms)
		SetupLoadedEditorAssemblies (234ms)
			LogAssemblyErrors (0ms)
			InitializePlatformSupportModulesInManaged (18ms)
			SetLoadedEditorAssemblies (3ms)
			BeforeProcessingInitializeOnLoad (42ms)
			ProcessInitializeOnLoadAttributes (129ms)
			ProcessInitializeOnLoadMethodAttributes (42ms)
			AfterProcessingInitializeOnLoad (0ms)
			EditorAssembliesLoaded (0ms)
		ExecutionOrderSort2 (0ms)
		AwakeInstancesAfterBackupRestoration (0ms)
========================================================================
Worker process is ready to serve import requests
Import Worker Mode flag is 0x00
Begin MonoManager ReloadAssembly
- Loaded All Assemblies, in  0.604 seconds
Refreshing native plugins compatible for Editor in 1.05 ms, found 4 plugins.
Native extension for WindowsStandalone target not found
Mono: successfully reloaded assembly
- Finished resetting the current domain, in  0.664 seconds
Domain Reload Profiling: 1266ms
	BeginReloadAssembly (137ms)
		ExecutionOrderSort (0ms)
		DisableScriptedObjects (5ms)
		BackupInstance (0ms)
		ReleaseScriptingObjects (0ms)
		CreateAndSetChildDomain (25ms)
	RebuildCommonClasses (29ms)
	RebuildNativeTypeToScriptingClass (9ms)
	initialDomainReloadingComplete (31ms)
	LoadAllAssembliesAndSetupDomain (396ms)
		LoadAssemblies (266ms)
		RebuildTransferFunctionScriptingTraits (0ms)
		AnalyzeDomain (211ms)
			TypeCache.Refresh (153ms)
				TypeCache.ScanAssembly (140ms)
			BuildScriptInfoCaches (46ms)
			ResolveRequiredComponents (9ms)
	FinalizeReload (664ms)
		ReleaseScriptCaches (0ms)
		RebuildScriptCaches (0ms)
		SetupLoadedEditorAssemblies (540ms)
			LogAssemblyErrors (0ms)
			InitializePlatformSupportModulesInManaged (2ms)
			SetLoadedEditorAssemblies (3ms)
			BeforeProcessingInitializeOnLoad (95ms)
			ProcessInitializeOnLoadAttributes (348ms)
			ProcessInitializeOnLoadMethodAttributes (86ms)
			AfterProcessingInitializeOnLoad (4ms)
			EditorAssembliesLoaded (0ms)
		ExecutionOrderSort2 (0ms)
		AwakeInstancesAfterBackupRestoration (5ms)
Launched and connected shader compiler UnityShaderCompiler.exe after 0.01 seconds
Refreshing native plugins compatible for Editor in 1.09 ms, found 4 plugins.
Preloading 0 native plugins for Editor in 0.00 ms.
Unloading 229 Unused Serialized files (Serialized files now loaded: 0)
Unloading 6647 unused Assets / (6.3 MB). Loaded Objects now: 7334.
Memory consumption went from 181.2 MB to 174.9 MB.
Total: 8.243600 ms (FindLiveObjects: 0.686300 ms CreateObjectMapping: 0.294400 ms MarkObjects: 4.792200 ms  DeleteObjects: 2.470100 ms)

========================================================================
Received Prepare
Begin MonoManager ReloadAssembly
- Loaded All Assemblies, in  0.635 seconds
Refreshing native plugins compatible for Editor in 1.05 ms, found 4 plugins.
Native extension for WindowsStandalone target not found
Mono: successfully reloaded assembly
- Finished resetting the current domain, in  0.711 seconds
Domain Reload Profiling: 1346ms
	BeginReloadAssembly (200ms)
		ExecutionOrderSort (0ms)
		DisableScriptedObjects (15ms)
		BackupInstance (0ms)
		ReleaseScriptingObjects (0ms)
		CreateAndSetChildDomain (55ms)
	RebuildCommonClasses (36ms)
	RebuildNativeTypeToScriptingClass (10ms)
	initialDomainReloadingComplete (23ms)
	LoadAllAssembliesAndSetupDomain (366ms)
		LoadAssemblies (289ms)
		RebuildTransferFunctionScriptingTraits (0ms)
		AnalyzeDomain (169ms)
			TypeCache.Refresh (8ms)
				TypeCache.ScanAssembly (0ms)
			BuildScriptInfoCaches (147ms)
			ResolveRequiredComponents (10ms)
	FinalizeReload (711ms)
		ReleaseScriptCaches (0ms)
		RebuildScriptCaches (0ms)
		SetupLoadedEditorAssemblies (536ms)
			LogAssemblyErrors (0ms)
			InitializePlatformSupportModulesInManaged (2ms)
			SetLoadedEditorAssemblies (4ms)
			BeforeProcessingInitializeOnLoad (95ms)
			ProcessInitializeOnLoadAttributes (367ms)
			ProcessInitializeOnLoadMethodAttributes (62ms)
			AfterProcessingInitializeOnLoad (5ms)
			EditorAssembliesLoaded (0ms)
		ExecutionOrderSort2 (0ms)
		AwakeInstancesAfterBackupRestoration (12ms)
Refreshing native plugins compatible for Editor in 1.63 ms, found 4 plugins.
Preloading 0 native plugins for Editor in 0.00 ms.
Unloading 37 Unused Serialized files (Serialized files now loaded: 0)
Unloading 6645 unused Assets / (6.6 MB). Loaded Objects now: 7337.
Memory consumption went from 152.4 MB to 145.8 MB.
Total: 8.683800 ms (FindLiveObjects: 0.745000 ms CreateObjectMapping: 0.316300 ms MarkObjects: 4.734600 ms  DeleteObjects: 2.887200 ms)

Prepare: number of updated asset objects reloaded= 0
========================================================================
Received Prepare
Refreshing native plugins compatible for Editor in 1.56 ms, found 4 plugins.
Preloading 0 native plugins for Editor in 0.00 ms.
Unloading 37 Unused Serialized files (Serialized files now loaded: 0)
Unloading 6634 unused Assets / (5.9 MB). Loaded Objects now: 7337.
Memory consumption went from 152.6 MB to 146.7 MB.
Total: 10.179600 ms (FindLiveObjects: 0.938100 ms CreateObjectMapping: 0.682300 ms MarkObjects: 5.640100 ms  DeleteObjects: 2.918300 ms)

Prepare: number of updated asset objects reloaded= 0
========================================================================
Received Prepare
Begin MonoManager ReloadAssembly
- Loaded All Assemblies, in  0.711 seconds
Refreshing native plugins compatible for Editor in 1.09 ms, found 4 plugins.
Native extension for WindowsStandalone target not found
Mono: successfully reloaded assembly
- Finished resetting the current domain, in  0.798 seconds
Domain Reload Profiling: 1509ms
	BeginReloadAssembly (213ms)
		ExecutionOrderSort (0ms)
		DisableScriptedObjects (18ms)
		BackupInstance (0ms)
		ReleaseScriptingObjects (0ms)
		CreateAndSetChildDomain (56ms)
	RebuildCommonClasses (31ms)
	RebuildNativeTypeToScriptingClass (10ms)
	initialDomainReloadingComplete (24ms)
	LoadAllAssembliesAndSetupDomain (433ms)
		LoadAssemblies (320ms)
		RebuildTransferFunctionScriptingTraits (0ms)
		AnalyzeDomain (204ms)
			TypeCache.Refresh (11ms)
				TypeCache.ScanAssembly (1ms)
			BuildScriptInfoCaches (175ms)
			ResolveRequiredComponents (14ms)
	FinalizeReload (798ms)
		ReleaseScriptCaches (0ms)
		RebuildScriptCaches (0ms)
		SetupLoadedEditorAssemblies (608ms)
			LogAssemblyErrors (0ms)
			InitializePlatformSupportModulesInManaged (2ms)
			SetLoadedEditorAssemblies (6ms)
			BeforeProcessingInitializeOnLoad (125ms)
			ProcessInitializeOnLoadAttributes (397ms)
			ProcessInitializeOnLoadMethodAttributes (72ms)
			AfterProcessingInitializeOnLoad (6ms)
			EditorAssembliesLoaded (0ms)
		ExecutionOrderSort2 (0ms)
		AwakeInstancesAfterBackupRestoration (11ms)
Refreshing native plugins compatible for Editor in 1.47 ms, found 4 plugins.
Preloading 0 native plugins for Editor in 0.00 ms.
Unloading 37 Unused Serialized files (Serialized files now loaded: 0)
Unloading 6645 unused Assets / (6.6 MB). Loaded Objects now: 7339.
Memory consumption went from 152.4 MB to 145.8 MB.
Total: 10.401300 ms (FindLiveObjects: 1.090000 ms CreateObjectMapping: 0.961400 ms MarkObjects: 4.665500 ms  DeleteObjects: 3.684000 ms)

Prepare: number of updated asset objects reloaded= 0
========================================================================
Received Import Request.
  Time since last request: 1231178.887564 seconds.
  path: Assets/Imports/Models/altarWood.fbx
  artifactKey: Guid(523234020c037184ea0d9bc5cb7c0f46) Importer(815301076,1909f56bfc062723c751e8b465ee728b)
Start importing Assets/Imports/Models/altarWood.fbx using Guid(523234020c037184ea0d9bc5cb7c0f46) Importer(815301076,1909f56bfc062723c751e8b465ee728b) (PreviewImporter) -> (artifact id: 'b280dc038e6787173c78801ee4afef64') in 0.4725201 seconds
Number of updated asset objects reloaded before import = 0Number of asset objects unloaded after import = 11

========================================================================
Received Import Request.
  Time since last request: 0.000020 seconds.
  path: Assets/Imports/Models/benchDamaged.fbx
  artifactKey: Guid(ee61903f3daed6b418752dded8cc100d) Importer(815301076,1909f56bfc062723c751e8b465ee728b)
Start importing Assets/Imports/Models/benchDamaged.fbx using Guid(ee61903f3daed6b418752dded8cc100d) Importer(815301076,1909f56bfc062723c751e8b465ee728b) (PreviewImporter) -> (artifact id: '70b0b68c842b2a068613a159ff43d702') in 0.0261072 seconds
Number of updated asset objects reloaded before import = 0Number of asset objects unloaded after import = 11

========================================================================
Received Import Request.
  Time since last request: 0.000031 seconds.
  path: Assets/Imports/Models/road.fbx
  artifactKey: Guid(2b3936e2a2a869044a6d2469c5965e30) Importer(815301076,1909f56bfc062723c751e8b465ee728b)
Start importing Assets/Imports/Models/road.fbx using Guid(2b3936e2a2a869044a6d2469c5965e30) Importer(815301076,1909f56bfc062723c751e8b465ee728b) (PreviewImporter) -> (artifact id: '15643c315b13c7001cdb01b50ea4a045') in 0.0169627 seconds
Number of updated asset objects reloaded before import = 0Number of asset objects unloaded after import = 8

========================================================================
Received Import Request.
  Time since last request: 0.000015 seconds.
  path: Assets/Imports/Models/trunkLong.fbx
  artifactKey: Guid(0be34cf42772838478cf0e7a695ca4be) Importer(815301076,1909f56bfc062723c751e8b465ee728b)
Start importing Assets/Imports/Models/trunkLong.fbx using Guid(0be34cf42772838478cf0e7a695ca4be) Importer(815301076,1909f56bfc062723c751e8b465ee728b) (PreviewImporter) -> (artifact id: '9064c14f2f3bdd2fd5d01429c356bd7e') in 0.0192499 seconds
Number of updated asset objects reloaded before import = 0Number of asset objects unloaded after import = 9

========================================================================
Received Import Request.
  Time since last request: 0.000014 seconds.
  path: Assets/Imports/Models/gravestoneDebris.fbx
  artifactKey: Guid(ffc08374a8931c24884afb5844c54c05) Importer(815301076,1909f56bfc062723c751e8b465ee728b)
Start importing Assets/Imports/Models/gravestoneDebris.fbx using Guid(ffc08374a8931c24884afb5844c54c05) Importer(815301076,1909f56bfc062723c751e8b465ee728b) (PreviewImporter) -> (artifact id: 'a2b610534f14da0bf259409c874ba786') in 0.0150091 seconds
Number of updated asset objects reloaded before import = 0Number of asset objects unloaded after import = 8

========================================================================
Received Import Request.
  Time since last request: 0.000014 seconds.
  path: Assets/Imports/Models/stoneWallCurve.fbx
  artifactKey: Guid(e29e94b731a8706449b0cc24a6646a31) Importer(815301076,1909f56bfc062723c751e8b465ee728b)
Start importing Assets/Imports/Models/stoneWallCurve.fbx using Guid(e29e94b731a8706449b0cc24a6646a31) Importer(815301076,1909f56bfc062723c751e8b465ee728b) (PreviewImporter) -> (artifact id: '2b29a46fc2d2f87294051a4b9e98f260') in 0.0166463 seconds
Number of updated asset objects reloaded before import = 0Number of asset objects unloaded after import = 8

========================================================================
Received Import Request.
  Time since last request: 0.000016 seconds.
  path: Assets/Imports/Models/gravestoneBroken.fbx
  artifactKey: Guid(f26f07fab45d06344b33d2aa742deb70) Importer(815301076,1909f56bfc062723c751e8b465ee728b)
Start importing Assets/Imports/Models/gravestoneBroken.fbx using Guid(f26f07fab45d06344b33d2aa742deb70) Importer(815301076,1909f56bfc062723c751e8b465ee728b) (PreviewImporter) -> (artifact id: '664e852aa8f012b02804fd4cfbdc5cb5') in 0.0160311 seconds
Number of updated asset objects reloaded before import = 0Number of asset objects unloaded after import = 8

========================================================================
Received Import Request.
  Time since last request: 0.000015 seconds.
  path: Assets/Imports/Models/ironFenceBorder.fbx
  artifactKey: Guid(a1fea9afe6870eb4a9618e0b91d609b6) Importer(815301076,1909f56bfc062723c751e8b465ee728b)
Start importing Assets/Imports/Models/ironFenceBorder.fbx using Guid(a1fea9afe6870eb4a9618e0b91d609b6) Importer(815301076,1909f56bfc062723c751e8b465ee728b) (PreviewImporter) -> (artifact id: '5a5a25e3e230a7c21d9968a65333e309') in 0.0202388 seconds
Number of updated asset objects reloaded before import = 0Number of asset objects unloaded after import = 9

========================================================================
Received Import Request.
  Time since last request: 0.000017 seconds.
  path: Assets/Imports/Models/coffinOld.fbx
  artifactKey: Guid(03633efc358b11e489ea80756adddc58) Importer(815301076,1909f56bfc062723c751e8b465ee728b)
Start importing Assets/Imports/Models/coffinOld.fbx using Guid(03633efc358b11e489ea80756adddc58) Importer(815301076,1909f56bfc062723c751e8b465ee728b) (PreviewImporter) -> (artifact id: 'e337ffc7a044ba9af6c2827d6defb69c') in 0.0182195 seconds
Number of updated asset objects reloaded before import = 0Number of asset objects unloaded after import = 9

========================================================================
Received Import Request.
  Time since last request: 0.000024 seconds.
  path: Assets/Imports/Models/ironFenceBar.fbx
  artifactKey: Guid(cf5d50deacf770a4d9d1e06dfbedc99d) Importer(815301076,1909f56bfc062723c751e8b465ee728b)
Start importing Assets/Imports/Models/ironFenceBar.fbx using Guid(cf5d50deacf770a4d9d1e06dfbedc99d) Importer(815301076,1909f56bfc062723c751e8b465ee728b) (PreviewImporter) -> (artifact id: '50c1d03b16bd2a66a0481f76e0451111') in 0.0146635 seconds
Number of updated asset objects reloaded before import = 0Number of asset objects unloaded after import = 8

========================================================================
Received Import Request.
  Time since last request: 0.000015 seconds.
  path: Assets/Imports/Models/lightpostAll.fbx
  artifactKey: Guid(7b31039c6f1060a45a366365afc3b52b) Importer(815301076,1909f56bfc062723c751e8b465ee728b)
Start importing Assets/Imports/Models/lightpostAll.fbx using Guid(7b31039c6f1060a45a366365afc3b52b) Importer(815301076,1909f56bfc062723c751e8b465ee728b) (PreviewImporter) -> (artifact id: 'e1adb58a483550a6ac0bb7fef5d01da6') in 0.0218353 seconds
Number of updated asset objects reloaded before import = 0Number of asset objects unloaded after import = 10

========================================================================
Received Import Request.
  Time since last request: 0.000017 seconds.
  path: Assets/Imports/Models/pillarObelisk.fbx
  artifactKey: Guid(1ff00af073705744bb6b971077678fe1) Importer(815301076,1909f56bfc062723c751e8b465ee728b)
Start importing Assets/Imports/Models/pillarObelisk.fbx using Guid(1ff00af073705744bb6b971077678fe1) Importer(815301076,1909f56bfc062723c751e8b465ee728b) (PreviewImporter) -> (artifact id: 'b704392f44ac745f29360f82e4d07d87') in 0.0176424 seconds
Number of updated asset objects reloaded before import = 0Number of asset objects unloaded after import = 8

========================================================================
Received Import Request.
  Time since last request: 0.000043 seconds.
  path: Assets/Imports/Models/lightpostDouble.fbx
  artifactKey: Guid(d4b08eb003a819e4db62279821ada289) Importer(815301076,1909f56bfc062723c751e8b465ee728b)
Start importing Assets/Imports/Models/lightpostDouble.fbx using Guid(d4b08eb003a819e4db62279821ada289) Importer(815301076,1909f56bfc062723c751e8b465ee728b) (PreviewImporter) -> (artifact id: 'c9bfb704f96d7767bb6a473abecb3a23') in 0.0241176 seconds
Number of updated asset objects reloaded before import = 0Number of asset objects unloaded after import = 10

========================================================================
Received Import Request.
  Time since last request: 0.000017 seconds.
  path: Assets/Imports/Models/gravestoneWide.fbx
  artifactKey: Guid(f991d8a6a0a6a6b48bf4566b144fb178) Importer(815301076,1909f56bfc062723c751e8b465ee728b)
Start importing Assets/Imports/Models/gravestoneWide.fbx using Guid(f991d8a6a0a6a6b48bf4566b144fb178) Importer(815301076,1909f56bfc062723c751e8b465ee728b) (PreviewImporter) -> (artifact id: '35b41945a9d419bf5477519eaa6d1885') in 0.0178682 seconds
Number of updated asset objects reloaded before import = 0Number of asset objects unloaded after import = 8

========================================================================
Received Import Request.
  Time since last request: 0.000016 seconds.
  path: Assets/Imports/Models/gravestoneDecorative.fbx
  artifactKey: Guid(d0156de158a9acb448a8b798a7574d1d) Importer(815301076,1909f56bfc062723c751e8b465ee728b)
Start importing Assets/Imports/Models/gravestoneDecorative.fbx using Guid(d0156de158a9acb448a8b798a7574d1d) Importer(815301076,1909f56bfc062723c751e8b465ee728b) (PreviewImporter) -> (artifact id: '4f2cbf0ac7c3aba1b87219533ed5d95b') in 0.0164893 seconds
Number of updated asset objects reloaded before import = 0Number of asset objects unloaded after import = 8

========================================================================
Received Import Request.
  Time since last request: 0.000019 seconds.
  path: Assets/Imports/Models/debris.fbx
  artifactKey: Guid(350208b8b6d09c1478ac9c86bf5ae63f) Importer(815301076,1909f56bfc062723c751e8b465ee728b)
Start importing Assets/Imports/Models/debris.fbx using Guid(350208b8b6d09c1478ac9c86bf5ae63f) Importer(815301076,1909f56bfc062723c751e8b465ee728b) (PreviewImporter) -> (artifact id: '3afda9d6f75300afd01e1d460fd4d22a') in 0.0179203 seconds
Number of updated asset objects reloaded before import = 0Number of asset objects unloaded after import = 8

========================================================================
Received Import Request.
  Time since last request: 0.000027 seconds.
  path: Assets/Imports/Models/fireBasket.fbx
  artifactKey: Guid(1d7176491e72f8d47a3163d3a8172d07) Importer(815301076,1909f56bfc062723c751e8b465ee728b)
Start importing Assets/Imports/Models/fireBasket.fbx using Guid(1d7176491e72f8d47a3163d3a8172d07) Importer(815301076,1909f56bfc062723c751e8b465ee728b) (PreviewImporter) -> (artifact id: 'e8d7d12c536039f7e76cc630c2393dc6') in 0.0178735 seconds
Number of updated asset objects reloaded before import = 0Number of asset objects unloaded after import = 8

========================================================================
Received Import Request.
  Time since last request: 0.000015 seconds.
  path: Assets/Imports/Models/trunk.fbx
  artifactKey: Guid(9c94ee033a91ec94aa1816dc6d95c2f6) Importer(815301076,1909f56bfc062723c751e8b465ee728b)
Start importing Assets/Imports/Models/trunk.fbx using Guid(9c94ee033a91ec94aa1816dc6d95c2f6) Importer(815301076,1909f56bfc062723c751e8b465ee728b) (PreviewImporter) -> (artifact id: '636cf1d47d9ed60bedaceb86d4940923') in 0.0189764 seconds
Number of updated asset objects reloaded before import = 0Number of asset objects unloaded after import = 9

========================================================================
Received Import Request.
  Time since last request: 0.000017 seconds.
  path: Assets/Imports/Models/ironFenceCurve.fbx
  artifactKey: Guid(b32b0c721a5059e49b9c59663770d1e8) Importer(815301076,1909f56bfc062723c751e8b465ee728b)
Start importing Assets/Imports/Models/ironFenceCurve.fbx using Guid(b32b0c721a5059e49b9c59663770d1e8) Importer(815301076,1909f56bfc062723c751e8b465ee728b) (PreviewImporter) -> (artifact id: '61d46e05dc5557f89ae1832372fd5345') in 0.0155212 seconds
Number of updated asset objects reloaded before import = 0Number of asset objects unloaded after import = 8

========================================================================
Received Import Request.
  Time since last request: 0.000014 seconds.
  path: Assets/Imports/Models/pumpkinCarved.fbx
  artifactKey: Guid(175fb95a00b4e704580b1805141c0ed0) Importer(815301076,1909f56bfc062723c751e8b465ee728b)
Start importing Assets/Imports/Models/pumpkinCarved.fbx using Guid(175fb95a00b4e704580b1805141c0ed0) Importer(815301076,1909f56bfc062723c751e8b465ee728b) (PreviewImporter) -> (artifact id: '7e6b06b09caffc7c852570861a21dd4e') in 0.0209006 seconds
Number of updated asset objects reloaded before import = 0Number of asset objects unloaded after import = 10

========================================================================
Received Import Request.
  Time since last request: 0.000016 seconds.
  path: Assets/Imports/Models/ironFenceBorderColumn.fbx
  artifactKey: Guid(afcf46bc7124e1848a99ad249fde9cdb) Importer(815301076,1909f56bfc062723c751e8b465ee728b)
Start importing Assets/Imports/Models/ironFenceBorderColumn.fbx using Guid(afcf46bc7124e1848a99ad249fde9cdb) Importer(815301076,1909f56bfc062723c751e8b465ee728b) (PreviewImporter) -> (artifact id: 'ac6ab5d259baa487aa99175186107de5') in 0.0175323 seconds
Number of updated asset objects reloaded before import = 0Number of asset objects unloaded after import = 9

========================================================================
Received Import Request.
  Time since last request: 0.000019 seconds.
  path: Assets/Imports/Models/pineCrooked.fbx
  artifactKey: Guid(2299c9bdce64cc242ae4624362d16a25) Importer(815301076,1909f56bfc062723c751e8b465ee728b)
Start importing Assets/Imports/Models/pineCrooked.fbx using Guid(2299c9bdce64cc242ae4624362d16a25) Importer(815301076,1909f56bfc062723c751e8b465ee728b) (PreviewImporter) -> (artifact id: '0740b476be517a2dd1abc01eedc9ced1') in 0.0229744 seconds
Number of updated asset objects reloaded before import = 0Number of asset objects unloaded after import = 10

========================================================================
Received Import Request.
  Time since last request: 0.000018 seconds.
  path: Assets/Imports/Models/stoneWallDamaged.fbx
  artifactKey: Guid(a30a97c0b6615494fabe299402e7a585) Importer(815301076,1909f56bfc062723c751e8b465ee728b)
Start importing Assets/Imports/Models/stoneWallDamaged.fbx using Guid(a30a97c0b6615494fabe299402e7a585) Importer(815301076,1909f56bfc062723c751e8b465ee728b) (PreviewImporter) -> (artifact id: '79a2f0f27dce0ebdafbbaef3cb4afa98') in 0.0190188 seconds
Number of updated asset objects reloaded before import = 0Number of asset objects unloaded after import = 8

========================================================================
Received Import Request.
  Time since last request: 0.000031 seconds.
  path: Assets/Imports/Models/Grey_Wall_01.obj
  artifactKey: Guid(82283f6b6136dae41bda076191d3528a) Importer(815301076,1909f56bfc062723c751e8b465ee728b)
Start importing Assets/Imports/Models/Grey_Wall_01.obj using Guid(82283f6b6136dae41bda076191d3528a) Importer(815301076,1909f56bfc062723c751e8b465ee728b) (PreviewImporter) -> (artifact id: '93d05449056151ed6da2f129bfbd4350') in 0.0159342 seconds
Number of updated asset objects reloaded before import = 0Number of asset objects unloaded after import = 10

========================================================================
Received Import Request.
  Time since last request: 0.000015 seconds.
  path: Assets/Imports/Models/gravestoneFlat.fbx
  artifactKey: Guid(7163855333f6b6b43bb4a78009c0b2d4) Importer(815301076,1909f56bfc062723c751e8b465ee728b)
Start importing Assets/Imports/Models/gravestoneFlat.fbx using Guid(7163855333f6b6b43bb4a78009c0b2d4) Importer(815301076,1909f56bfc062723c751e8b465ee728b) (PreviewImporter) -> (artifact id: 'b09b869077a35f493eedfa004c977d0c') in 0.016243 seconds
Number of updated asset objects reloaded before import = 0Number of asset objects unloaded after import = 8

========================================================================
Received Import Request.
  Time since last request: 0.000015 seconds.
  path: Assets/Imports/Models/crypt.fbx
  artifactKey: Guid(0c60cbda638f7574cb5dc0ebf4cef959) Importer(815301076,1909f56bfc062723c751e8b465ee728b)
Start importing Assets/Imports/Models/crypt.fbx using Guid(0c60cbda638f7574cb5dc0ebf4cef959) Importer(815301076,1909f56bfc062723c751e8b465ee728b) (PreviewImporter) -> (artifact id: 'f20c3daea4915afabe408e26d943d2dc') in 0.0185635 seconds
Number of updated asset objects reloaded before import = 0Number of asset objects unloaded after import = 8

========================================================================
Received Import Request.
  Time since last request: 0.000016 seconds.
  path: Assets/Imports/Models/columnLarge.fbx
  artifactKey: Guid(cd5b3f3c5120b0147b4ab5ef75ac2e30) Importer(815301076,1909f56bfc062723c751e8b465ee728b)
Start importing Assets/Imports/Models/columnLarge.fbx using Guid(cd5b3f3c5120b0147b4ab5ef75ac2e30) Importer(815301076,1909f56bfc062723c751e8b465ee728b) (PreviewImporter) -> (artifact id: 'fd83f4900334880b157ece7d8b5e8db9') in 0.0204027 seconds
Number of updated asset objects reloaded before import = 0Number of asset objects unloaded after import = 9

========================================================================
Received Import Request.
  Time since last request: 0.000030 seconds.
  path: Assets/Imports/Models/gravestoneBevel.fbx
  artifactKey: Guid(0df4c153f6178b448aa1462b92d64440) Importer(815301076,1909f56bfc062723c751e8b465ee728b)
Start importing Assets/Imports/Models/gravestoneBevel.fbx using Guid(0df4c153f6178b448aa1462b92d64440) Importer(815301076,1909f56bfc062723c751e8b465ee728b) (PreviewImporter) -> (artifact id: 'cda2535766ecfc16a2bd5c61f80125aa') in 0.018568 seconds
Number of updated asset objects reloaded before import = 0Number of asset objects unloaded after import = 8

========================================================================
Received Import Request.
  Time since last request: 0.000015 seconds.
  path: Assets/Imports/Models/pillarSmall.fbx
  artifactKey: Guid(737c8cbd9c765804780902d678a5314e) Importer(815301076,1909f56bfc062723c751e8b465ee728b)
Start importing Assets/Imports/Models/pillarSmall.fbx using Guid(737c8cbd9c765804780902d678a5314e) Importer(815301076,1909f56bfc062723c751e8b465ee728b) (PreviewImporter) -> (artifact id: '795bb0b482738c284150b63e545352ef') in 0.0179023 seconds
Number of updated asset objects reloaded before import = 0Number of asset objects unloaded after import = 8

========================================================================
Received Import Request.
  Time since last request: 0.000017 seconds.
  path: Assets/Imports/Models/lanternCandle.fbx
  artifactKey: Guid(085127dacf5c3b946ac5c2e5c135a74b) Importer(815301076,1909f56bfc062723c751e8b465ee728b)
Start importing Assets/Imports/Models/lanternCandle.fbx using Guid(085127dacf5c3b946ac5c2e5c135a74b) Importer(815301076,1909f56bfc062723c751e8b465ee728b) (PreviewImporter) -> (artifact id: '5e1fffb004c690f9e53bfd73862192e8') in 0.0168519 seconds
Number of updated asset objects reloaded before import = 0Number of asset objects unloaded after import = 9

========================================================================
Received Import Request.
  Time since last request: 0.000019 seconds.
  path: Assets/Imports/Models/fenceDamaged.fbx
  artifactKey: Guid(3bb8b22777e39e64ea77ae368e1ad3f3) Importer(815301076,1909f56bfc062723c751e8b465ee728b)
Start importing Assets/Imports/Models/fenceDamaged.fbx using Guid(3bb8b22777e39e64ea77ae368e1ad3f3) Importer(815301076,1909f56bfc062723c751e8b465ee728b) (PreviewImporter) -> (artifact id: '317b990b0b1a4c4539aea0b71dbca34e') in 0.0228724 seconds
Number of updated asset objects reloaded before import = 0Number of asset objects unloaded after import = 18

========================================================================
Received Import Request.
  Time since last request: 0.000015 seconds.
  path: Assets/Imports/Models/gravestoneCrossLarge.fbx
  artifactKey: Guid(abbbec8fed277434f945320a342f6e49) Importer(815301076,1909f56bfc062723c751e8b465ee728b)
Start importing Assets/Imports/Models/gravestoneCrossLarge.fbx using Guid(abbbec8fed277434f945320a342f6e49) Importer(815301076,1909f56bfc062723c751e8b465ee728b) (PreviewImporter) -> (artifact id: '7dfd8109d26be9fd525769d436827a5f') in 0.0160945 seconds
Number of updated asset objects reloaded before import = 0Number of asset objects unloaded after import = 8

========================================================================
Received Import Request.
  Time since last request: 0.000016 seconds.
  path: Assets/Imports/Models/shovel.fbx
  artifactKey: Guid(fcff99b5c64b4c4419133fdf18af7a2e) Importer(815301076,1909f56bfc062723c751e8b465ee728b)
Start importing Assets/Imports/Models/shovel.fbx using Guid(fcff99b5c64b4c4419133fdf18af7a2e) Importer(815301076,1909f56bfc062723c751e8b465ee728b) (PreviewImporter) -> (artifact id: '73e5ed0652b4a7767d553fc995c2a414') in 0.0198425 seconds
Number of updated asset objects reloaded before import = 0Number of asset objects unloaded after import = 9

========================================================================
Received Import Request.
  Time since last request: 0.000024 seconds.
  path: Assets/Imports/Models/lanternGlass.fbx
  artifactKey: Guid(7e8ef0809f3809a44bbcc06d8b2c0ebe) Importer(815301076,1909f56bfc062723c751e8b465ee728b)
Start importing Assets/Imports/Models/lanternGlass.fbx using Guid(7e8ef0809f3809a44bbcc06d8b2c0ebe) Importer(815301076,1909f56bfc062723c751e8b465ee728b) (PreviewImporter) -> (artifact id: '01416cbf5e8ab1b46cc906eae450d211') in 0.0134363 seconds
Number of updated asset objects reloaded before import = 0Number of asset objects unloaded after import = 9

========================================================================
Received Import Request.
  Time since last request: 0.000016 seconds.
  path: Assets/Imports/Models/ironFenceBorderGate.fbx
  artifactKey: Guid(b094341ea254d9946b69cc2fd8335f0d) Importer(815301076,1909f56bfc062723c751e8b465ee728b)
Start importing Assets/Imports/Models/ironFenceBorderGate.fbx using Guid(b094341ea254d9946b69cc2fd8335f0d) Importer(815301076,1909f56bfc062723c751e8b465ee728b) (PreviewImporter) -> (artifact id: 'ff60ff919aa5aff9d56f8c6e4af90d4a') in 0.0200562 seconds
Number of updated asset objects reloaded before import = 0Number of asset objects unloaded after import = 9

========================================================================
Received Import Request.
  Time since last request: 0.000024 seconds.
  path: Assets/Imports/Models/gravestoneRound.fbx
  artifactKey: Guid(2122c98d889059f48a926642f58e4d3b) Importer(815301076,1909f56bfc062723c751e8b465ee728b)
Start importing Assets/Imports/Models/gravestoneRound.fbx using Guid(2122c98d889059f48a926642f58e4d3b) Importer(815301076,1909f56bfc062723c751e8b465ee728b) (PreviewImporter) -> (artifact id: '076d837964bf4b7668709648ade326ba') in 0.0166759 seconds
Number of updated asset objects reloaded before import = 0Number of asset objects unloaded after import = 8

========================================================================
Received Import Request.
  Time since last request: 0.000018 seconds.
  path: Assets/Imports/Models/ironFence.fbx
  artifactKey: Guid(a920d700c4d88cc41936ee5e38bd7eb3) Importer(815301076,1909f56bfc062723c751e8b465ee728b)
Start importing Assets/Imports/Models/ironFence.fbx using Guid(a920d700c4d88cc41936ee5e38bd7eb3) Importer(815301076,1909f56bfc062723c751e8b465ee728b) (PreviewImporter) -> (artifact id: '4ab792b03552009b7aa26f8b0d87adc8') in 0.0230802 seconds
Number of updated asset objects reloaded before import = 0Number of asset objects unloaded after import = 8

========================================================================
Received Import Request.
  Time since last request: 0.000029 seconds.
  path: Assets/Imports/Models/digger.fbx
  artifactKey: Guid(2353794cf06ebfe45a4b045274e880fc) Importer(815301076,1909f56bfc062723c751e8b465ee728b)
Start importing Assets/Imports/Models/digger.fbx using Guid(2353794cf06ebfe45a4b045274e880fc) Importer(815301076,1909f56bfc062723c751e8b465ee728b) (PreviewImporter) -> (artifact id: '1739020c85f784e38f591de680f88b02') in 0.0426292 seconds
Number of updated asset objects reloaded before import = 0Number of asset objects unloaded after import = 34

========================================================================
Received Prepare
Begin MonoManager ReloadAssembly
- Loaded All Assemblies, in  0.649 seconds
Refreshing native plugins compatible for Editor in 1.40 ms, found 4 plugins.
Native extension for WindowsStandalone target not found
Mono: successfully reloaded assembly
- Finished resetting the current domain, in  0.768 seconds
Domain Reload Profiling: 1419ms
	BeginReloadAssembly (218ms)
		ExecutionOrderSort (0ms)
		DisableScriptedObjects (27ms)
		BackupInstance (0ms)
		ReleaseScriptingObjects (0ms)
		CreateAndSetChildDomain (69ms)
	RebuildCommonClasses (35ms)
	RebuildNativeTypeToScriptingClass (10ms)
	initialDomainReloadingComplete (22ms)
	LoadAllAssembliesAndSetupDomain (366ms)
		LoadAssemblies (285ms)
		RebuildTransferFunctionScriptingTraits (0ms)
		AnalyzeDomain (165ms)
			TypeCache.Refresh (7ms)
				TypeCache.ScanAssembly (0ms)
			BuildScriptInfoCaches (144ms)
			ResolveRequiredComponents (10ms)
	FinalizeReload (768ms)
		ReleaseScriptCaches (0ms)
		RebuildScriptCaches (0ms)
		SetupLoadedEditorAssemblies (586ms)
			LogAssemblyErrors (0ms)
			InitializePlatformSupportModulesInManaged (2ms)
			SetLoadedEditorAssemblies (4ms)
			BeforeProcessingInitializeOnLoad (109ms)
			ProcessInitializeOnLoadAttributes (400ms)
			ProcessInitializeOnLoadMethodAttributes (63ms)
			AfterProcessingInitializeOnLoad (7ms)
			EditorAssembliesLoaded (0ms)
		ExecutionOrderSort2 (0ms)
		AwakeInstancesAfterBackupRestoration (15ms)
Refreshing native plugins compatible for Editor in 1.73 ms, found 4 plugins.
Preloading 0 native plugins for Editor in 0.00 ms.
Unloading 37 Unused Serialized files (Serialized files now loaded: 0)
Unloading 6646 unused Assets / (6.8 MB). Loaded Objects now: 7409.
Memory consumption went from 167.2 MB to 160.4 MB.
Total: 11.481100 ms (FindLiveObjects: 0.976600 ms CreateObjectMapping: 0.680500 ms MarkObjects: 6.159800 ms  DeleteObjects: 3.663500 ms)

Prepare: number of updated asset objects reloaded= 0
========================================================================
Received Prepare
Begin MonoManager ReloadAssembly
- Loaded All Assemblies, in  0.615 seconds
Refreshing native plugins compatible for Editor in 1.21 ms, found 4 plugins.
Native extension for WindowsStandalone target not found
Mono: successfully reloaded assembly
- Finished resetting the current domain, in  0.697 seconds
Domain Reload Profiling: 1312ms
	BeginReloadAssembly (186ms)
		ExecutionOrderSort (0ms)
		DisableScriptedObjects (14ms)
		BackupInstance (0ms)
		ReleaseScriptingObjects (0ms)
		CreateAndSetChildDomain (53ms)
	RebuildCommonClasses (30ms)
	RebuildNativeTypeToScriptingClass (10ms)
	initialDomainReloadingComplete (23ms)
	LoadAllAssembliesAndSetupDomain (365ms)
		LoadAssemblies (274ms)
		RebuildTransferFunctionScriptingTraits (0ms)
		AnalyzeDomain (173ms)
			TypeCache.Refresh (7ms)
				TypeCache.ScanAssembly (0ms)
			BuildScriptInfoCaches (153ms)
			ResolveRequiredComponents (9ms)
	FinalizeReload (697ms)
		ReleaseScriptCaches (0ms)
		RebuildScriptCaches (0ms)
		SetupLoadedEditorAssemblies (531ms)
			LogAssemblyErrors (0ms)
			InitializePlatformSupportModulesInManaged (2ms)
			SetLoadedEditorAssemblies (4ms)
			BeforeProcessingInitializeOnLoad (93ms)
			ProcessInitializeOnLoadAttributes (367ms)
			ProcessInitializeOnLoadMethodAttributes (59ms)
			AfterProcessingInitializeOnLoad (6ms)
			EditorAssembliesLoaded (0ms)
		ExecutionOrderSort2 (0ms)
		AwakeInstancesAfterBackupRestoration (15ms)
Refreshing native plugins compatible for Editor in 1.45 ms, found 4 plugins.
Preloading 0 native plugins for Editor in 0.00 ms.
Unloading 37 Unused Serialized files (Serialized files now loaded: 0)
Unloading 6645 unused Assets / (6.6 MB). Loaded Objects now: 7411.
Memory consumption went from 167.1 MB to 160.4 MB.
Total: 9.611000 ms (FindLiveObjects: 0.937700 ms CreateObjectMapping: 0.549200 ms MarkObjects: 5.108700 ms  DeleteObjects: 3.014600 ms)

Prepare: number of updated asset objects reloaded= 0
========================================================================
Received Prepare
Begin MonoManager ReloadAssembly
- Loaded All Assemblies, in  0.621 seconds
Refreshing native plugins compatible for Editor in 1.10 ms, found 4 plugins.
Native extension for WindowsStandalone target not found
Mono: successfully reloaded assembly
- Finished resetting the current domain, in  0.692 seconds
Domain Reload Profiling: 1312ms
	BeginReloadAssembly (183ms)
		ExecutionOrderSort (0ms)
		DisableScriptedObjects (12ms)
		BackupInstance (0ms)
		ReleaseScriptingObjects (0ms)
		CreateAndSetChildDomain (49ms)
	RebuildCommonClasses (33ms)
	RebuildNativeTypeToScriptingClass (10ms)
	initialDomainReloadingComplete (28ms)
	LoadAllAssembliesAndSetupDomain (365ms)
		LoadAssemblies (281ms)
		RebuildTransferFunctionScriptingTraits (0ms)
		AnalyzeDomain (168ms)
			TypeCache.Refresh (7ms)
				TypeCache.ScanAssembly (0ms)
			BuildScriptInfoCaches (147ms)
			ResolveRequiredComponents (9ms)
	FinalizeReload (693ms)
		ReleaseScriptCaches (0ms)
		RebuildScriptCaches (0ms)
		SetupLoadedEditorAssemblies (527ms)
			LogAssemblyErrors (0ms)
			InitializePlatformSupportModulesInManaged (2ms)
			SetLoadedEditorAssemblies (4ms)
			BeforeProcessingInitializeOnLoad (98ms)
			ProcessInitializeOnLoadAttributes (359ms)
			ProcessInitializeOnLoadMethodAttributes (59ms)
			AfterProcessingInitializeOnLoad (5ms)
			EditorAssembliesLoaded (0ms)
		ExecutionOrderSort2 (0ms)
		AwakeInstancesAfterBackupRestoration (13ms)
Refreshing native plugins compatible for Editor in 1.41 ms, found 4 plugins.
Preloading 0 native plugins for Editor in 0.00 ms.
Unloading 37 Unused Serialized files (Serialized files now loaded: 0)
Unloading 6645 unused Assets / (6.8 MB). Loaded Objects now: 7413.
Memory consumption went from 167.0 MB to 160.2 MB.
Total: 11.370100 ms (FindLiveObjects: 0.760800 ms CreateObjectMapping: 0.755200 ms MarkObjects: 5.322000 ms  DeleteObjects: 4.531500 ms)

Prepare: number of updated asset objects reloaded= 0
========================================================================
Received Prepare
Refreshing native plugins compatible for Editor in 1.10 ms, found 4 plugins.
Preloading 0 native plugins for Editor in 0.00 ms.
Unloading 37 Unused Serialized files (Serialized files now loaded: 0)
Unloading 6633 unused Assets / (6.5 MB). Loaded Objects now: 7412.
Memory consumption went from 167.1 MB to 160.6 MB.
Total: 9.691300 ms (FindLiveObjects: 0.723500 ms CreateObjectMapping: 0.286500 ms MarkObjects: 5.512800 ms  DeleteObjects: 3.167900 ms)

Prepare: number of updated asset objects reloaded= 0
========================================================================
Received Prepare
Begin MonoManager ReloadAssembly
- Loaded All Assemblies, in  0.594 seconds
Refreshing native plugins compatible for Editor in 1.14 ms, found 4 plugins.
Native extension for WindowsStandalone target not found
Mono: successfully reloaded assembly
- Finished resetting the current domain, in  0.683 seconds
Domain Reload Profiling: 1279ms
	BeginReloadAssembly (182ms)
		ExecutionOrderSort (0ms)
		DisableScriptedObjects (13ms)
		BackupInstance (0ms)
		ReleaseScriptingObjects (0ms)
		CreateAndSetChildDomain (51ms)
	RebuildCommonClasses (29ms)
	RebuildNativeTypeToScriptingClass (13ms)
	initialDomainReloadingComplete (23ms)
	LoadAllAssembliesAndSetupDomain (350ms)
		LoadAssemblies (269ms)
		RebuildTransferFunctionScriptingTraits (0ms)
		AnalyzeDomain (160ms)
			TypeCache.Refresh (8ms)
				TypeCache.ScanAssembly (0ms)
			BuildScriptInfoCaches (138ms)
			ResolveRequiredComponents (9ms)
	FinalizeReload (683ms)
		ReleaseScriptCaches (0ms)
		RebuildScriptCaches (0ms)
		SetupLoadedEditorAssemblies (516ms)
			LogAssemblyErrors (0ms)
			InitializePlatformSupportModulesInManaged (2ms)
			SetLoadedEditorAssemblies (5ms)
			BeforeProcessingInitializeOnLoad (110ms)
			ProcessInitializeOnLoadAttributes (346ms)
			ProcessInitializeOnLoadMethodAttributes (48ms)
			AfterProcessingInitializeOnLoad (4ms)
			EditorAssembliesLoaded (0ms)
		ExecutionOrderSort2 (0ms)
		AwakeInstancesAfterBackupRestoration (11ms)
Refreshing native plugins compatible for Editor in 1.06 ms, found 4 plugins.
Preloading 0 native plugins for Editor in 0.00 ms.
Unloading 37 Unused Serialized files (Serialized files now loaded: 0)
Unloading 6644 unused Assets / (6.7 MB). Loaded Objects now: 7414.
Memory consumption went from 167.0 MB to 160.3 MB.
Total: 8.980600 ms (FindLiveObjects: 0.694100 ms CreateObjectMapping: 0.549000 ms MarkObjects: 4.599600 ms  DeleteObjects: 3.137300 ms)

Prepare: number of updated asset objects reloaded= 0
========================================================================
Received Import Request.
  Time since last request: 232.940058 seconds.
  path: Assets/Imports/Models/Materials/FrontColor.mat
  artifactKey: Guid(04017e45e6a424345bacfdf341446bef) Importer(815301076,1909f56bfc062723c751e8b465ee728b)
Start importing Assets/Imports/Models/Materials/FrontColor.mat using Guid(04017e45e6a424345bacfdf341446bef) Importer(815301076,1909f56bfc062723c751e8b465ee728b) (PreviewImporter) -> (artifact id: '6665100cdc6065a6cf2fdd0c206d369f') in 0.4175012 seconds
Number of updated asset objects reloaded before import = 0Number of asset objects unloaded after import = 3

========================================================================
Received Import Request.
  Time since last request: 0.000022 seconds.
  path: Assets/Imports/Models/Materials/Mesh1_Grey_Wall_ModelMat.mat
  artifactKey: Guid(dc8527fdfd2d73345a8725fe7c6f78d4) Importer(815301076,1909f56bfc062723c751e8b465ee728b)
Start importing Assets/Imports/Models/Materials/Mesh1_Grey_Wall_ModelMat.mat using Guid(dc8527fdfd2d73345a8725fe7c6f78d4) Importer(815301076,1909f56bfc062723c751e8b465ee728b) (PreviewImporter) -> (artifact id: '8a8483de535b121ca11d9d1449100279') in 0.0063681 seconds
Number of updated asset objects reloaded before import = 0Number of asset objects unloaded after import = 1

========================================================================
Received Import Request.
  Time since last request: 0.000029 seconds.
  path: Assets/Imports/Models/Materials/Green_Roof.mat
  artifactKey: Guid(ee03e80b76aa2b24bb8896ec8edb8d63) Importer(815301076,1909f56bfc062723c751e8b465ee728b)
Start importing Assets/Imports/Models/Materials/Green_Roof.mat using Guid(ee03e80b76aa2b24bb8896ec8edb8d63) Importer(815301076,1909f56bfc062723c751e8b465ee728b) (PreviewImporter) -> (artifact id: '8268c25a49a8a578eb39b42b8bcf4b36') in 0.0054251 seconds
Number of updated asset objects reloaded before import = 0Number of asset objects unloaded after import = 1

========================================================================
Received Import Request.
  Time since last request: 0.000018 seconds.
  path: Assets/Imports/Models/Materials/metal.mat
  artifactKey: Guid(17acd52b636aaef4eab64914dcc5d452) Importer(815301076,1909f56bfc062723c751e8b465ee728b)
Start importing Assets/Imports/Models/Materials/metal.mat using Guid(17acd52b636aaef4eab64914dcc5d452) Importer(815301076,1909f56bfc062723c751e8b465ee728b) (PreviewImporter) -> (artifact id: '4d9e8879b79c961ce6ac2e774abe9f52') in 0.0054347 seconds
Number of updated asset objects reloaded before import = 0Number of asset objects unloaded after import = 1

========================================================================
Received Prepare
Begin MonoManager ReloadAssembly
- Loaded All Assemblies, in  0.712 seconds
Refreshing native plugins compatible for Editor in 0.98 ms, found 4 plugins.
Native extension for WindowsStandalone target not found
Mono: successfully reloaded assembly
- Finished resetting the current domain, in  0.770 seconds
Domain Reload Profiling: 1485ms
	BeginReloadAssembly (225ms)
		ExecutionOrderSort (0ms)
		DisableScriptedObjects (24ms)
		BackupInstance (0ms)
		ReleaseScriptingObjects (0ms)
		CreateAndSetChildDomain (73ms)
	RebuildCommonClasses (37ms)
	RebuildNativeTypeToScriptingClass (15ms)
	initialDomainReloadingComplete (26ms)
	LoadAllAssembliesAndSetupDomain (411ms)
		LoadAssemblies (308ms)
		RebuildTransferFunctionScriptingTraits (0ms)
		AnalyzeDomain (193ms)
			TypeCache.Refresh (10ms)
				TypeCache.ScanAssembly (0ms)
			BuildScriptInfoCaches (163ms)
			ResolveRequiredComponents (14ms)
	FinalizeReload (771ms)
		ReleaseScriptCaches (0ms)
		RebuildScriptCaches (0ms)
		SetupLoadedEditorAssemblies (595ms)
			LogAssemblyErrors (0ms)
			InitializePlatformSupportModulesInManaged (2ms)
			SetLoadedEditorAssemblies (5ms)
			BeforeProcessingInitializeOnLoad (101ms)
			ProcessInitializeOnLoadAttributes (413ms)
			ProcessInitializeOnLoadMethodAttributes (67ms)
			AfterProcessingInitializeOnLoad (6ms)
			EditorAssembliesLoaded (0ms)
		ExecutionOrderSort2 (0ms)
		AwakeInstancesAfterBackupRestoration (16ms)
Refreshing native plugins compatible for Editor in 1.68 ms, found 4 plugins.
Preloading 0 native plugins for Editor in 0.00 ms.
Unloading 37 Unused Serialized files (Serialized files now loaded: 0)
Unloading 6644 unused Assets / (6.9 MB). Loaded Objects now: 7436.
Memory consumption went from 171.3 MB to 164.5 MB.
Total: 12.678000 ms (FindLiveObjects: 1.098400 ms CreateObjectMapping: 1.137400 ms MarkObjects: 6.131100 ms  DeleteObjects: 4.310300 ms)

Prepare: number of updated asset objects reloaded= 0
Editor requested this worker to shutdown with reason: Scaling down because of idle timeout
AssetImportWorker is now disconnected from the server
Process exiting
Exiting without the bug reporter. Application will terminate with return code 0